running develop
/usr/lib/python3/dist-packages/setuptools/command/easy_install.py:158: EasyInstallDeprecationWarning: easy_install command is deprecated. Use build and pip and other standards-based tools.
  warnings.warn(
/usr/lib/python3/dist-packages/pkg_resources/__init__.py:116: PkgResourcesDeprecationWarning: 1.12.1-git20200711.33e2d80-dfsg1-0.6 is an invalid version and will not be supported in a future release
  warnings.warn(
running egg_info
creating turtlebot3_example.egg-info
writing turtlebot3_example.egg-info/PKG-INFO
writing dependency_links to turtlebot3_example.egg-info/dependency_links.txt
writing entry points to turtlebot3_example.egg-info/entry_points.txt
writing requirements to turtlebot3_example.egg-info/requires.txt
writing top-level names to turtlebot3_example.egg-info/top_level.txt
writing manifest file 'turtlebot3_example.egg-info/SOURCES.txt'
reading manifest file 'turtlebot3_example.egg-info/SOURCES.txt'
writing manifest file 'turtlebot3_example.egg-info/SOURCES.txt'
running build_ext
Creating /home/akash/turtlebot3_ws/install/turtlebot3_example/lib/python3.10/site-packages/turtlebot3-example.egg-link (link to .)
Installing turtlebot3_obstacle_detection script to /home/akash/turtlebot3_ws/install/turtlebot3_example/lib/turtlebot3_example
Installing turtlebot3_patrol_client script to /home/akash/turtlebot3_ws/install/turtlebot3_example/lib/turtlebot3_example
Installing turtlebot3_patrol_server script to /home/akash/turtlebot3_ws/install/turtlebot3_example/lib/turtlebot3_example
Installing turtlebot3_position_control script to /home/akash/turtlebot3_ws/install/turtlebot3_example/lib/turtlebot3_example

Installed /home/akash/turtlebot3_ws/build/turtlebot3_example
running symlink_data
creating /home/akash/turtlebot3_ws/install/turtlebot3_example/share/ament_index
creating /home/akash/turtlebot3_ws/install/turtlebot3_example/share/ament_index/resource_index
creating /home/akash/turtlebot3_ws/install/turtlebot3_example/share/ament_index/resource_index/packages
symbolically linking /home/akash/turtlebot3_ws/build/turtlebot3_example/resource/turtlebot3_example -> /home/akash/turtlebot3_ws/install/turtlebot3_example/share/ament_index/resource_index/packages
symbolically linking /home/akash/turtlebot3_ws/build/turtlebot3_example/package.xml -> /home/akash/turtlebot3_ws/install/turtlebot3_example/share/turtlebot3_example
