[0.065s] Invoking command in '/home/akash/turtlebot3_ws/build/turtlebot3_navigation2': CMAKE_PREFIX_PATH=${CMAKE_PREFIX_PATH}:/home/akash/turtlebot3_ws/install/turtlebot_manipulator_control:/home/akash/turtlebot3_ws/install/turtlebot3_teleop:/home/akash/turtlebot3_ws/install/turtlebot3_example:/home/akash/turtlebot3_ws/install/move_forward:/opt/ros/humble /usr/bin/cmake --build /home/akash/turtlebot3_ws/build/turtlebot3_navigation2 -- -j12 -l12
[0.857s] Invoked command in '/home/akash/turtlebot3_ws/build/turtlebot3_navigation2' returned '0': CMAKE_PREFIX_PATH=${CMAKE_PREFIX_PATH}:/home/akash/turtlebot3_ws/install/turtlebot_manipulator_control:/home/akash/turtlebot3_ws/install/turtlebot3_teleop:/home/akash/turtlebot3_ws/install/turtlebot3_example:/home/akash/turtlebot3_ws/install/move_forward:/opt/ros/humble /usr/bin/cmake --build /home/akash/turtlebot3_ws/build/turtlebot3_navigation2 -- -j12 -l12
[0.937s] Invoking command in '/home/akash/turtlebot3_ws/build/turtlebot3_navigation2': CMAKE_PREFIX_PATH=${CMAKE_PREFIX_PATH}:/home/akash/turtlebot3_ws/install/turtlebot_manipulator_control:/home/akash/turtlebot3_ws/install/turtlebot3_teleop:/home/akash/turtlebot3_ws/install/turtlebot3_example:/home/akash/turtlebot3_ws/install/move_forward:/opt/ros/humble /usr/bin/cmake --install /home/akash/turtlebot3_ws/build/turtlebot3_navigation2
[0.955s] -- Install configuration: ""
[0.955s] -- Execute custom install script
[0.955s] -- Up-to-date symlink: /home/akash/turtlebot3_ws/install/turtlebot3_navigation2/share/turtlebot3_navigation2/launch/navigation2.launch.py
[0.955s] -- Up-to-date symlink: /home/akash/turtlebot3_ws/install/turtlebot3_navigation2/share/turtlebot3_navigation2/map/map.pgm
[0.956s] -- Up-to-date symlink: /home/akash/turtlebot3_ws/install/turtlebot3_navigation2/share/turtlebot3_navigation2/map/map.yaml
[0.957s] -- Up-to-date symlink: /home/akash/turtlebot3_ws/install/turtlebot3_navigation2/share/turtlebot3_navigation2/param/burger.yaml
[0.958s] -- Up-to-date symlink: /home/akash/turtlebot3_ws/install/turtlebot3_navigation2/share/turtlebot3_navigation2/param/waffle.yaml
[0.958s] -- Up-to-date symlink: /home/akash/turtlebot3_ws/install/turtlebot3_navigation2/share/turtlebot3_navigation2/param/waffle_pi.yaml
[0.958s] -- Up-to-date symlink: /home/akash/turtlebot3_ws/install/turtlebot3_navigation2/share/turtlebot3_navigation2/rviz/tb3_navigation2.rviz
[0.959s] -- Up-to-date symlink: /home/akash/turtlebot3_ws/install/turtlebot3_navigation2/share/ament_index/resource_index/package_run_dependencies/turtlebot3_navigation2
[0.959s] -- Up-to-date symlink: /home/akash/turtlebot3_ws/install/turtlebot3_navigation2/share/ament_index/resource_index/parent_prefix_path/turtlebot3_navigation2
[0.959s] -- Up-to-date symlink: /home/akash/turtlebot3_ws/install/turtlebot3_navigation2/share/turtlebot3_navigation2/environment/ament_prefix_path.sh
[0.959s] -- Up-to-date symlink: /home/akash/turtlebot3_ws/install/turtlebot3_navigation2/share/turtlebot3_navigation2/environment/ament_prefix_path.dsv
[0.960s] -- Up-to-date symlink: /home/akash/turtlebot3_ws/install/turtlebot3_navigation2/share/turtlebot3_navigation2/environment/path.sh
[0.960s] -- Up-to-date symlink: /home/akash/turtlebot3_ws/install/turtlebot3_navigation2/share/turtlebot3_navigation2/environment/path.dsv
[0.960s] -- Up-to-date symlink: /home/akash/turtlebot3_ws/install/turtlebot3_navigation2/share/turtlebot3_navigation2/local_setup.bash
[0.960s] -- Up-to-date symlink: /home/akash/turtlebot3_ws/install/turtlebot3_navigation2/share/turtlebot3_navigation2/local_setup.sh
[0.960s] -- Up-to-date symlink: /home/akash/turtlebot3_ws/install/turtlebot3_navigation2/share/turtlebot3_navigation2/local_setup.zsh
[0.960s] -- Up-to-date symlink: /home/akash/turtlebot3_ws/install/turtlebot3_navigation2/share/turtlebot3_navigation2/local_setup.dsv
[0.960s] -- Symlinking: /home/akash/turtlebot3_ws/install/turtlebot3_navigation2/share/turtlebot3_navigation2/package.dsv
[0.962s] -- Up-to-date symlink: /home/akash/turtlebot3_ws/install/turtlebot3_navigation2/share/ament_index/resource_index/packages/turtlebot3_navigation2
[0.962s] -- Up-to-date symlink: /home/akash/turtlebot3_ws/install/turtlebot3_navigation2/share/turtlebot3_navigation2/cmake/turtlebot3_navigation2Config.cmake
[0.963s] -- Up-to-date symlink: /home/akash/turtlebot3_ws/install/turtlebot3_navigation2/share/turtlebot3_navigation2/cmake/turtlebot3_navigation2Config-version.cmake
[0.963s] -- Up-to-date symlink: /home/akash/turtlebot3_ws/install/turtlebot3_navigation2/share/turtlebot3_navigation2/package.xml
[1.011s] Invoked command in '/home/akash/turtlebot3_ws/build/turtlebot3_navigation2' returned '0': CMAKE_PREFIX_PATH=${CMAKE_PREFIX_PATH}:/home/akash/turtlebot3_ws/install/turtlebot_manipulator_control:/home/akash/turtlebot3_ws/install/turtlebot3_teleop:/home/akash/turtlebot3_ws/install/turtlebot3_example:/home/akash/turtlebot3_ws/install/move_forward:/opt/ros/humble /usr/bin/cmake --install /home/akash/turtlebot3_ws/build/turtlebot3_navigation2
