[1.077s] Invoking command in '/home/akash/turtlebot3_ws/build/turtlebot3_teleop': PYTHONPATH=/home/akash/turtlebot3_ws/build/turtlebot3_teleop/prefix_override:/usr/lib/python3/dist-packages/colcon_core/task/python/colcon_distutils_commands:/home/akash/turtlebot3_ws/install/turtlebot3_teleop/lib/python3.10/site-packages:${PYTHONPATH} /usr/bin/python3 -W ignore:setup.py install is deprecated setup.py develop --editable --build-directory /home/akash/turtlebot3_ws/build/turtlebot3_teleop/build --no-deps symlink_data --force
[1.418s] running develop
[1.418s] /usr/lib/python3/dist-packages/setuptools/command/easy_install.py:158: EasyInstallDeprecationWarning: easy_install command is deprecated. Use build and pip and other standards-based tools.
[1.418s]   warnings.warn(
[1.495s] /usr/lib/python3/dist-packages/pkg_resources/__init__.py:116: PkgResourcesDeprecationWarning: 1.12.1-git20200711.33e2d80-dfsg1-0.6 is an invalid version and will not be supported in a future release
[1.496s]   warnings.warn(
[1.634s] running egg_info
[1.634s] writing turtlebot3_teleop.egg-info/PKG-INFO
[1.634s] writing dependency_links to turtlebot3_teleop.egg-info/dependency_links.txt
[1.635s] writing entry points to turtlebot3_teleop.egg-info/entry_points.txt
[1.635s] writing requirements to turtlebot3_teleop.egg-info/requires.txt
[1.635s] writing top-level names to turtlebot3_teleop.egg-info/top_level.txt
[1.638s] reading manifest file 'turtlebot3_teleop.egg-info/SOURCES.txt'
[1.639s] writing manifest file 'turtlebot3_teleop.egg-info/SOURCES.txt'
[1.717s] running build_ext
[1.717s] Creating /home/akash/turtlebot3_ws/install/turtlebot3_teleop/lib/python3.10/site-packages/turtlebot3-teleop.egg-link (link to .)
[1.719s] Installing teleop_keyboard script to /home/akash/turtlebot3_ws/install/turtlebot3_teleop/lib/turtlebot3_teleop
[1.719s] 
[1.719s] Installed /home/akash/turtlebot3_ws/build/turtlebot3_teleop
[1.719s] running symlink_data
[1.719s] symbolically linking /home/akash/turtlebot3_ws/build/turtlebot3_teleop/resource/turtlebot3_teleop -> /home/akash/turtlebot3_ws/install/turtlebot3_teleop/share/ament_index/resource_index/packages
[1.719s] symbolically linking /home/akash/turtlebot3_ws/build/turtlebot3_teleop/package.xml -> /home/akash/turtlebot3_ws/install/turtlebot3_teleop/share/turtlebot3_teleop
[1.778s] Invoked command in '/home/akash/turtlebot3_ws/build/turtlebot3_teleop' returned '0': PYTHONPATH=/home/akash/turtlebot3_ws/build/turtlebot3_teleop/prefix_override:/usr/lib/python3/dist-packages/colcon_core/task/python/colcon_distutils_commands:/home/akash/turtlebot3_ws/install/turtlebot3_teleop/lib/python3.10/site-packages:${PYTHONPATH} /usr/bin/python3 -W ignore:setup.py install is deprecated setup.py develop --editable --build-directory /home/akash/turtlebot3_ws/build/turtlebot3_teleop/build --no-deps symlink_data --force
