[1.126s] Invoking command in '/home/akash/turtlebot3_ws/src/turtlebot_manipulator_control': PYTHONPATH=/home/akash/turtlebot3_ws/build/turtlebot_manipulator_control/prefix_override:/usr/lib/python3/dist-packages/colcon_core/task/python/colcon_distutils_commands:/home/akash/turtlebot3_ws/install/turtlebot_manipulator_control/lib/python3.10/site-packages:${PYTHONPATH} /usr/bin/python3 -W ignore:setup.py install is deprecated setup.py egg_info --egg-base ../../build/turtlebot_manipulator_control build --build-base /home/akash/turtlebot3_ws/build/turtlebot_manipulator_control/build install --record /home/akash/turtlebot3_ws/build/turtlebot_manipulator_control/install.log --single-version-externally-managed install_data
[1.328s] running egg_info
[1.330s] writing ../../build/turtlebot_manipulator_control/turtlebot_manipulator_control.egg-info/PKG-INFO
[1.330s] writing dependency_links to ../../build/turtlebot_manipulator_control/turtlebot_manipulator_control.egg-info/dependency_links.txt
[1.330s] writing entry points to ../../build/turtlebot_manipulator_control/turtlebot_manipulator_control.egg-info/entry_points.txt
[1.330s] writing requirements to ../../build/turtlebot_manipulator_control/turtlebot_manipulator_control.egg-info/requires.txt
[1.330s] writing top-level names to ../../build/turtlebot_manipulator_control/turtlebot_manipulator_control.egg-info/top_level.txt
[1.331s] reading manifest file '../../build/turtlebot_manipulator_control/turtlebot_manipulator_control.egg-info/SOURCES.txt'
[1.332s] writing manifest file '../../build/turtlebot_manipulator_control/turtlebot_manipulator_control.egg-info/SOURCES.txt'
[1.332s] running build
[1.332s] running build_py
[1.332s] running install
[1.333s] running install_lib
[1.334s] running install_data
[1.334s] copying package.xml -> /home/akash/turtlebot3_ws/install/turtlebot_manipulator_control/share/turtlebot_manipulator_control
[1.334s] running install_egg_info
[1.335s] removing '/home/akash/turtlebot3_ws/install/turtlebot_manipulator_control/lib/python3.10/site-packages/turtlebot_manipulator_control-0.0.0-py3.10.egg-info' (and everything under it)
[1.336s] Copying ../../build/turtlebot_manipulator_control/turtlebot_manipulator_control.egg-info to /home/akash/turtlebot3_ws/install/turtlebot_manipulator_control/lib/python3.10/site-packages/turtlebot_manipulator_control-0.0.0-py3.10.egg-info
[1.336s] running install_scripts
[1.352s] Installing circular_motion script to /home/akash/turtlebot3_ws/install/turtlebot_manipulator_control/lib/turtlebot_manipulator_control
[1.352s] writing list of installed files to '/home/akash/turtlebot3_ws/build/turtlebot_manipulator_control/install.log'
[1.411s] Invoked command in '/home/akash/turtlebot3_ws/src/turtlebot_manipulator_control' returned '0': PYTHONPATH=/home/akash/turtlebot3_ws/build/turtlebot_manipulator_control/prefix_override:/usr/lib/python3/dist-packages/colcon_core/task/python/colcon_distutils_commands:/home/akash/turtlebot3_ws/install/turtlebot_manipulator_control/lib/python3.10/site-packages:${PYTHONPATH} /usr/bin/python3 -W ignore:setup.py install is deprecated setup.py egg_info --egg-base ../../build/turtlebot_manipulator_control build --build-base /home/akash/turtlebot3_ws/build/turtlebot_manipulator_control/build install --record /home/akash/turtlebot3_ws/build/turtlebot_manipulator_control/install.log --single-version-externally-managed install_data
