[0.063s] Invoking command in '/home/akash/turtlebot3_ws/build/turtlebot3_cartographer': CMAKE_PREFIX_PATH=${CMAKE_PREFIX_PATH}:/home/akash/turtlebot3_ws/install/turtlebot_manipulator_control:/home/akash/turtlebot3_ws/install/turtlebot3_teleop:/home/akash/turtlebot3_ws/install/turtlebot3_example:/home/akash/turtlebot3_ws/install/move_forward:/opt/ros/humble /usr/bin/cmake --build /home/akash/turtlebot3_ws/build/turtlebot3_cartographer -- -j12 -l12
[0.879s] Invoked command in '/home/akash/turtlebot3_ws/build/turtlebot3_cartographer' returned '0': CMAKE_PREFIX_PATH=${CMAKE_PREFIX_PATH}:/home/akash/turtlebot3_ws/install/turtlebot_manipulator_control:/home/akash/turtlebot3_ws/install/turtlebot3_teleop:/home/akash/turtlebot3_ws/install/turtlebot3_example:/home/akash/turtlebot3_ws/install/move_forward:/opt/ros/humble /usr/bin/cmake --build /home/akash/turtlebot3_ws/build/turtlebot3_cartographer -- -j12 -l12
[0.934s] Invoking command in '/home/akash/turtlebot3_ws/build/turtlebot3_cartographer': CMAKE_PREFIX_PATH=${CMAKE_PREFIX_PATH}:/home/akash/turtlebot3_ws/install/turtlebot_manipulator_control:/home/akash/turtlebot3_ws/install/turtlebot3_teleop:/home/akash/turtlebot3_ws/install/turtlebot3_example:/home/akash/turtlebot3_ws/install/move_forward:/opt/ros/humble /usr/bin/cmake --install /home/akash/turtlebot3_ws/build/turtlebot3_cartographer
[0.962s] -- Install configuration: ""
[0.962s] -- Execute custom install script
[0.962s] -- Up-to-date symlink: /home/akash/turtlebot3_ws/install/turtlebot3_cartographer/share/turtlebot3_cartographer/config/turtlebot3_lds_2d.lua
[0.962s] -- Up-to-date symlink: /home/akash/turtlebot3_ws/install/turtlebot3_cartographer/share/turtlebot3_cartographer/launch/cartographer.launch.py
[0.962s] -- Up-to-date symlink: /home/akash/turtlebot3_ws/install/turtlebot3_cartographer/share/turtlebot3_cartographer/launch/occupancy_grid.launch.py
[0.963s] -- Up-to-date symlink: /home/akash/turtlebot3_ws/install/turtlebot3_cartographer/share/turtlebot3_cartographer/rviz/tb3_cartographer.rviz
[0.965s] -- Up-to-date symlink: /home/akash/turtlebot3_ws/install/turtlebot3_cartographer/share/ament_index/resource_index/package_run_dependencies/turtlebot3_cartographer
[0.965s] -- Up-to-date symlink: /home/akash/turtlebot3_ws/install/turtlebot3_cartographer/share/ament_index/resource_index/parent_prefix_path/turtlebot3_cartographer
[0.965s] -- Up-to-date symlink: /home/akash/turtlebot3_ws/install/turtlebot3_cartographer/share/turtlebot3_cartographer/environment/ament_prefix_path.sh
[0.965s] -- Up-to-date symlink: /home/akash/turtlebot3_ws/install/turtlebot3_cartographer/share/turtlebot3_cartographer/environment/ament_prefix_path.dsv
[0.966s] -- Up-to-date symlink: /home/akash/turtlebot3_ws/install/turtlebot3_cartographer/share/turtlebot3_cartographer/environment/path.sh
[0.966s] -- Up-to-date symlink: /home/akash/turtlebot3_ws/install/turtlebot3_cartographer/share/turtlebot3_cartographer/environment/path.dsv
[0.966s] -- Up-to-date symlink: /home/akash/turtlebot3_ws/install/turtlebot3_cartographer/share/turtlebot3_cartographer/local_setup.bash
[0.966s] -- Up-to-date symlink: /home/akash/turtlebot3_ws/install/turtlebot3_cartographer/share/turtlebot3_cartographer/local_setup.sh
[0.966s] -- Up-to-date symlink: /home/akash/turtlebot3_ws/install/turtlebot3_cartographer/share/turtlebot3_cartographer/local_setup.zsh
[0.966s] -- Up-to-date symlink: /home/akash/turtlebot3_ws/install/turtlebot3_cartographer/share/turtlebot3_cartographer/local_setup.dsv
[0.967s] -- Symlinking: /home/akash/turtlebot3_ws/install/turtlebot3_cartographer/share/turtlebot3_cartographer/package.dsv
[0.982s] -- Up-to-date symlink: /home/akash/turtlebot3_ws/install/turtlebot3_cartographer/share/ament_index/resource_index/packages/turtlebot3_cartographer
[0.983s] -- Up-to-date symlink: /home/akash/turtlebot3_ws/install/turtlebot3_cartographer/share/turtlebot3_cartographer/cmake/turtlebot3_cartographerConfig.cmake
[0.983s] -- Up-to-date symlink: /home/akash/turtlebot3_ws/install/turtlebot3_cartographer/share/turtlebot3_cartographer/cmake/turtlebot3_cartographerConfig-version.cmake
[0.984s] -- Up-to-date symlink: /home/akash/turtlebot3_ws/install/turtlebot3_cartographer/share/turtlebot3_cartographer/package.xml
[1.024s] Invoked command in '/home/akash/turtlebot3_ws/build/turtlebot3_cartographer' returned '0': CMAKE_PREFIX_PATH=${CMAKE_PREFIX_PATH}:/home/akash/turtlebot3_ws/install/turtlebot_manipulator_control:/home/akash/turtlebot3_ws/install/turtlebot3_teleop:/home/akash/turtlebot3_ws/install/turtlebot3_example:/home/akash/turtlebot3_ws/install/move_forward:/opt/ros/humble /usr/bin/cmake --install /home/akash/turtlebot3_ws/build/turtlebot3_cartographer
