[0.082s] Invoking command in '/home/akash/turtlebot3_ws/build/dynamixel_sdk': CMAKE_PREFIX_PATH=${CMAKE_PREFIX_PATH}:/home/akash/turtlebot3_ws/install/turtlebot3_teleop:/home/akash/turtlebot3_ws/install/turtlebot3_example:/opt/ros/humble /usr/bin/cmake /home/akash/turtlebot3_ws/src/DynamixelSDK/dynamixel_sdk -DCMAKE_INSTALL_PREFIX=/home/akash/turtlebot3_ws/install/dynamixel_sdk
[0.686s] -- Found ament_cmake: 1.3.10 (/opt/ros/humble/share/ament_cmake/cmake)
[0.687s] -- Override CMake install command with custom implementation using symlinks instead of copying resources
[0.688s] -- Configuring done
[0.688s] -- Generating done
[0.689s] -- Build files have been written to: /home/akash/turtlebot3_ws/build/dynamixel_sdk
[0.713s] Invoked command in '/home/akash/turtlebot3_ws/build/dynamixel_sdk' returned '0': CMAKE_PREFIX_PATH=${CMAKE_PREFIX_PATH}:/home/akash/turtlebot3_ws/install/turtlebot3_teleop:/home/akash/turtlebot3_ws/install/turtlebot3_example:/opt/ros/humble /usr/bin/cmake /home/akash/turtlebot3_ws/src/DynamixelSDK/dynamixel_sdk -DCMAKE_INSTALL_PREFIX=/home/akash/turtlebot3_ws/install/dynamixel_sdk
[0.713s] Invoking command in '/home/akash/turtlebot3_ws/build/dynamixel_sdk': CMAKE_PREFIX_PATH=${CMAKE_PREFIX_PATH}:/home/akash/turtlebot3_ws/install/turtlebot3_teleop:/home/akash/turtlebot3_ws/install/turtlebot3_example:/opt/ros/humble /usr/bin/cmake --build /home/akash/turtlebot3_ws/build/dynamixel_sdk -- -j12 -l12
[1.072s] [35m[1mConsolidate compiler generated dependencies of target dynamixel_sdk[0m
[1.072s] [100%] Built target dynamixel_sdk
[1.085s] Invoked command in '/home/akash/turtlebot3_ws/build/dynamixel_sdk' returned '0': CMAKE_PREFIX_PATH=${CMAKE_PREFIX_PATH}:/home/akash/turtlebot3_ws/install/turtlebot3_teleop:/home/akash/turtlebot3_ws/install/turtlebot3_example:/opt/ros/humble /usr/bin/cmake --build /home/akash/turtlebot3_ws/build/dynamixel_sdk -- -j12 -l12
[1.226s] Invoking command in '/home/akash/turtlebot3_ws/build/dynamixel_sdk': CMAKE_PREFIX_PATH=${CMAKE_PREFIX_PATH}:/home/akash/turtlebot3_ws/install/turtlebot3_teleop:/home/akash/turtlebot3_ws/install/turtlebot3_example:/opt/ros/humble /usr/bin/cmake --install /home/akash/turtlebot3_ws/build/dynamixel_sdk
[1.270s] -- Install configuration: ""
[1.270s] -- Execute custom install script
[1.270s] -- Up-to-date symlink: /home/akash/turtlebot3_ws/install/dynamixel_sdk/include//dynamixel_sdk/dynamixel_sdk.h
[1.270s] -- Up-to-date symlink: /home/akash/turtlebot3_ws/install/dynamixel_sdk/include//dynamixel_sdk/group_bulk_read.h
[1.270s] -- Up-to-date symlink: /home/akash/turtlebot3_ws/install/dynamixel_sdk/include//dynamixel_sdk/group_bulk_write.h
[1.270s] -- Up-to-date symlink: /home/akash/turtlebot3_ws/install/dynamixel_sdk/include//dynamixel_sdk/group_fast_bulk_read.h
[1.270s] -- Up-to-date symlink: /home/akash/turtlebot3_ws/install/dynamixel_sdk/include//dynamixel_sdk/group_fast_sync_read.h
[1.271s] -- Up-to-date symlink: /home/akash/turtlebot3_ws/install/dynamixel_sdk/include//dynamixel_sdk/group_handler.h
[1.271s] -- Up-to-date symlink: /home/akash/turtlebot3_ws/install/dynamixel_sdk/include//dynamixel_sdk/group_sync_read.h
[1.271s] -- Up-to-date symlink: /home/akash/turtlebot3_ws/install/dynamixel_sdk/include//dynamixel_sdk/group_sync_write.h
[1.271s] -- Up-to-date symlink: /home/akash/turtlebot3_ws/install/dynamixel_sdk/include//dynamixel_sdk/packet_handler.h
[1.271s] -- Up-to-date symlink: /home/akash/turtlebot3_ws/install/dynamixel_sdk/include//dynamixel_sdk/port_handler.h
[1.271s] -- Up-to-date symlink: /home/akash/turtlebot3_ws/install/dynamixel_sdk/include//dynamixel_sdk/port_handler_arduino.h
[1.271s] -- Up-to-date symlink: /home/akash/turtlebot3_ws/install/dynamixel_sdk/include//dynamixel_sdk/port_handler_linux.h
[1.271s] -- Up-to-date symlink: /home/akash/turtlebot3_ws/install/dynamixel_sdk/include//dynamixel_sdk/port_handler_mac.h
[1.271s] -- Up-to-date symlink: /home/akash/turtlebot3_ws/install/dynamixel_sdk/include//dynamixel_sdk/port_handler_windows.h
[1.272s] -- Up-to-date symlink: /home/akash/turtlebot3_ws/install/dynamixel_sdk/include//dynamixel_sdk/protocol1_packet_handler.h
[1.272s] -- Up-to-date symlink: /home/akash/turtlebot3_ws/install/dynamixel_sdk/include//dynamixel_sdk/protocol2_packet_handler.h
[1.272s] -- Up-to-date symlink: /home/akash/turtlebot3_ws/install/dynamixel_sdk/lib/libdynamixel_sdk.so
[1.272s] -- Up-to-date symlink: /home/akash/turtlebot3_ws/install/dynamixel_sdk/share/dynamixel_sdk/environment/library_path.sh
[1.272s] -- Up-to-date symlink: /home/akash/turtlebot3_ws/install/dynamixel_sdk/share/dynamixel_sdk/environment/library_path.dsv
[1.273s] -- Up-to-date symlink: /home/akash/turtlebot3_ws/install/dynamixel_sdk/share/ament_index/resource_index/package_run_dependencies/dynamixel_sdk
[1.274s] -- Up-to-date symlink: /home/akash/turtlebot3_ws/install/dynamixel_sdk/share/ament_index/resource_index/parent_prefix_path/dynamixel_sdk
[1.277s] -- Up-to-date symlink: /home/akash/turtlebot3_ws/install/dynamixel_sdk/share/dynamixel_sdk/environment/ament_prefix_path.sh
[1.278s] -- Up-to-date symlink: /home/akash/turtlebot3_ws/install/dynamixel_sdk/share/dynamixel_sdk/environment/ament_prefix_path.dsv
[1.278s] -- Up-to-date symlink: /home/akash/turtlebot3_ws/install/dynamixel_sdk/share/dynamixel_sdk/environment/path.sh
[1.278s] -- Up-to-date symlink: /home/akash/turtlebot3_ws/install/dynamixel_sdk/share/dynamixel_sdk/environment/path.dsv
[1.279s] -- Up-to-date symlink: /home/akash/turtlebot3_ws/install/dynamixel_sdk/share/dynamixel_sdk/local_setup.bash
[1.279s] -- Up-to-date symlink: /home/akash/turtlebot3_ws/install/dynamixel_sdk/share/dynamixel_sdk/local_setup.sh
[1.279s] -- Up-to-date symlink: /home/akash/turtlebot3_ws/install/dynamixel_sdk/share/dynamixel_sdk/local_setup.zsh
[1.279s] -- Up-to-date symlink: /home/akash/turtlebot3_ws/install/dynamixel_sdk/share/dynamixel_sdk/local_setup.dsv
[1.283s] -- Symlinking: /home/akash/turtlebot3_ws/install/dynamixel_sdk/share/dynamixel_sdk/package.dsv
[1.286s] -- Up-to-date symlink: /home/akash/turtlebot3_ws/install/dynamixel_sdk/share/ament_index/resource_index/packages/dynamixel_sdk
[1.286s] -- Up-to-date symlink: /home/akash/turtlebot3_ws/install/dynamixel_sdk/share/dynamixel_sdk/cmake/ament_cmake_export_include_directories-extras.cmake
[1.286s] -- Up-to-date symlink: /home/akash/turtlebot3_ws/install/dynamixel_sdk/share/dynamixel_sdk/cmake/ament_cmake_export_libraries-extras.cmake
[1.287s] -- Up-to-date symlink: /home/akash/turtlebot3_ws/install/dynamixel_sdk/share/dynamixel_sdk/cmake/dynamixel_sdkConfig.cmake
[1.287s] -- Up-to-date symlink: /home/akash/turtlebot3_ws/install/dynamixel_sdk/share/dynamixel_sdk/cmake/dynamixel_sdkConfig-version.cmake
[1.287s] -- Up-to-date symlink: /home/akash/turtlebot3_ws/install/dynamixel_sdk/share/dynamixel_sdk/package.xml
[1.321s] Invoked command in '/home/akash/turtlebot3_ws/build/dynamixel_sdk' returned '0': CMAKE_PREFIX_PATH=${CMAKE_PREFIX_PATH}:/home/akash/turtlebot3_ws/install/turtlebot3_teleop:/home/akash/turtlebot3_ws/install/turtlebot3_example:/opt/ros/humble /usr/bin/cmake --install /home/akash/turtlebot3_ws/build/dynamixel_sdk
