[0.022s] Invoking command in '/home/akash/turtlebot3_ws/build/turtlebot3_manipulation_hardware': CMAKE_PREFIX_PATH=/home/akash/turtlebot3_ws/install/dynamixel_sdk:/home/akash/turtlebot3_ws/install/turtlebot3:/home/akash/turtlebot3_ws/install/turtlebot3_bringup:/home/akash/turtlebot3_ws/install/turtlebot3_node:/home/akash/turtlebot3_ws/install/turtlebot3_navigation2:/home/akash/turtlebot3_ws/install/turtlebot3_msgs:/home/akash/turtlebot3_ws/install/turtlebot3_description:/home/akash/turtlebot3_ws/install/turtlebot3_cartographer:/home/akash/turtlebot3_ws/install/dynamixel_sdk_examples:/home/akash/turtlebot3_ws/install/dynamixel_sdk_custom_interfaces:/home/akash/pico_ws/install/whycon:/home/akash/pico_ws/install/swift_pico:/home/akash/pico_ws/install/rotors_swift_interface:/home/akash/pico_ws/install/swift_msgs:/home/akash/pico_ws/install/rotors_swift_gazebo:/home/akash/pico_ws/install/rotors_swift_description:/home/akash/pico_ws/install/rotors_control:/home/akash/pico_ws/install/pid_tune:/home/akash/pico_ws/install/pid_msg:/home/akash/pico_ws/install/mav_comm:/home/akash/pico_ws/install/mav_system_msgs:/home/akash/pico_ws/install/mav_state_machine_msgs:/home/akash/pico_ws/install/mav_planning_msgs:/home/akash/pico_ws/install/mav_msgs:/home/akash/turtlebot3_ws/install/turtlebot3_teleop:/home/akash/turtlebot3_ws/install/turtlebot3_example:/opt/ros/humble LD_LIBRARY_PATH=/home/akash/turtlebot3_ws/install/dynamixel_sdk/lib:/home/akash/turtlebot3_ws/install/turtlebot3_msgs/lib:/home/akash/turtlebot3_ws/install/dynamixel_sdk_custom_interfaces/lib:/home/akash/pico_ws/install/whycon/lib:/home/akash/pico_ws/install/swift_msgs/lib:/home/akash/pico_ws/install/rotors_control/lib:/home/akash/pico_ws/install/pid_msg/lib:/home/akash/pico_ws/install/mav_system_msgs/lib:/home/akash/pico_ws/install/mav_state_machine_msgs/lib:/home/akash/pico_ws/install/mav_planning_msgs/lib:/home/akash/pico_ws/install/mav_msgs/lib:/usr/lib/x86_64-linux-gnu/gazebo-11/plugins:/opt/ros/humble/opt/rviz_ogre_vendor/lib:/opt/ros/humble/lib/x86_64-linux-gnu:/opt/ros/humble/lib /usr/bin/cmake /home/akash/turtlebot3_ws/src/turtlebot3_manipulation/turtlebot3_manipulation_hardware -DAMENT_CMAKE_SYMLINK_INSTALL=1 -DCMAKE_INSTALL_PREFIX=/home/akash/turtlebot3_ws/install/turtlebot3_manipulation_hardware
[0.108s] -- The C compiler identification is GNU 11.4.0
[0.191s] -- The CXX compiler identification is GNU 11.4.0
[0.205s] -- Detecting C compiler ABI info
[0.304s] -- Detecting C compiler ABI info - done
[0.316s] -- Check for working C compiler: /usr/bin/cc - skipped
[0.316s] -- Detecting C compile features
[0.317s] -- Detecting C compile features - done
[0.321s] -- Detecting CXX compiler ABI info
[0.442s] -- Detecting CXX compiler ABI info - done
[0.459s] -- Check for working CXX compiler: /usr/bin/c++ - skipped
[0.459s] -- Detecting CXX compile features
[0.460s] -- Detecting CXX compile features - done
[0.469s] -- Found ament_cmake: 1.3.10 (/opt/ros/humble/share/ament_cmake/cmake)
[0.742s] -- Found Python3: /usr/bin/python3 (found version "3.10.12") found components: Interpreter 
[0.827s] -- Override CMake install command with custom implementation using symlinks instead of copying resources
[0.901s] -- Found dynamixel_sdk: 3.7.60 (/home/akash/turtlebot3_ws/install/dynamixel_sdk/share/dynamixel_sdk/cmake)
[0.906s] -- Found hardware_interface: 2.46.0 (/opt/ros/humble/share/hardware_interface/cmake)
[0.984s] -- Found rosidl_generator_c: 3.1.5 (/opt/ros/humble/share/rosidl_generator_c/cmake)
[0.995s] -- Found rosidl_adapter: 3.1.5 (/opt/ros/humble/share/rosidl_adapter/cmake)
[1.013s] -- Found rosidl_generator_cpp: 3.1.5 (/opt/ros/humble/share/rosidl_generator_cpp/cmake)
[1.038s] -- Using all available rosidl_typesupport_c: rosidl_typesupport_fastrtps_c;rosidl_typesupport_introspection_c
[1.069s] -- Using all available rosidl_typesupport_cpp: rosidl_typesupport_fastrtps_cpp;rosidl_typesupport_introspection_cpp
[1.459s] -- Found rmw_implementation_cmake: 6.1.2 (/opt/ros/humble/share/rmw_implementation_cmake/cmake)
[1.467s] -- Found rmw_fastrtps_cpp: 6.2.7 (/opt/ros/humble/share/rmw_fastrtps_cpp/cmake)
[1.514s] -- Found TinyXML2 via Config file: TinyXML2_DIR-NOTFOUND
[1.600s] -- Found OpenSSL: /usr/lib/x86_64-linux-gnu/libcrypto.so (found version "3.0.2")  
[1.604s] -- Found TinyXML2 via Config file: TinyXML2_DIR-NOTFOUND
[1.631s] -- Found FastRTPS: /opt/ros/humble/include  
[1.635s] -- Found TinyXML2 via Config file: TinyXML2_DIR-NOTFOUND
[1.648s] -- Found TinyXML2 via Config file: TinyXML2_DIR-NOTFOUND
[1.665s] -- Using RMW implementation 'rmw_fastrtps_cpp' as default
[1.684s] -- Looking for pthread.h
[1.780s] -- Looking for pthread.h - found
[1.780s] -- Performing Test CMAKE_HAVE_LIBC_PTHREAD
[1.878s] -- Performing Test CMAKE_HAVE_LIBC_PTHREAD - Success
[1.879s] -- Found Threads: TRUE  
[2.075s] -- Configuring done
[2.118s] -- Generating done
[2.120s] -- Build files have been written to: /home/akash/turtlebot3_ws/build/turtlebot3_manipulation_hardware
[2.133s] Invoked command in '/home/akash/turtlebot3_ws/build/turtlebot3_manipulation_hardware' returned '0': CMAKE_PREFIX_PATH=/home/akash/turtlebot3_ws/install/dynamixel_sdk:/home/akash/turtlebot3_ws/install/turtlebot3:/home/akash/turtlebot3_ws/install/turtlebot3_bringup:/home/akash/turtlebot3_ws/install/turtlebot3_node:/home/akash/turtlebot3_ws/install/turtlebot3_navigation2:/home/akash/turtlebot3_ws/install/turtlebot3_msgs:/home/akash/turtlebot3_ws/install/turtlebot3_description:/home/akash/turtlebot3_ws/install/turtlebot3_cartographer:/home/akash/turtlebot3_ws/install/dynamixel_sdk_examples:/home/akash/turtlebot3_ws/install/dynamixel_sdk_custom_interfaces:/home/akash/pico_ws/install/whycon:/home/akash/pico_ws/install/swift_pico:/home/akash/pico_ws/install/rotors_swift_interface:/home/akash/pico_ws/install/swift_msgs:/home/akash/pico_ws/install/rotors_swift_gazebo:/home/akash/pico_ws/install/rotors_swift_description:/home/akash/pico_ws/install/rotors_control:/home/akash/pico_ws/install/pid_tune:/home/akash/pico_ws/install/pid_msg:/home/akash/pico_ws/install/mav_comm:/home/akash/pico_ws/install/mav_system_msgs:/home/akash/pico_ws/install/mav_state_machine_msgs:/home/akash/pico_ws/install/mav_planning_msgs:/home/akash/pico_ws/install/mav_msgs:/home/akash/turtlebot3_ws/install/turtlebot3_teleop:/home/akash/turtlebot3_ws/install/turtlebot3_example:/opt/ros/humble LD_LIBRARY_PATH=/home/akash/turtlebot3_ws/install/dynamixel_sdk/lib:/home/akash/turtlebot3_ws/install/turtlebot3_msgs/lib:/home/akash/turtlebot3_ws/install/dynamixel_sdk_custom_interfaces/lib:/home/akash/pico_ws/install/whycon/lib:/home/akash/pico_ws/install/swift_msgs/lib:/home/akash/pico_ws/install/rotors_control/lib:/home/akash/pico_ws/install/pid_msg/lib:/home/akash/pico_ws/install/mav_system_msgs/lib:/home/akash/pico_ws/install/mav_state_machine_msgs/lib:/home/akash/pico_ws/install/mav_planning_msgs/lib:/home/akash/pico_ws/install/mav_msgs/lib:/usr/lib/x86_64-linux-gnu/gazebo-11/plugins:/opt/ros/humble/opt/rviz_ogre_vendor/lib:/opt/ros/humble/lib/x86_64-linux-gnu:/opt/ros/humble/lib /usr/bin/cmake /home/akash/turtlebot3_ws/src/turtlebot3_manipulation/turtlebot3_manipulation_hardware -DAMENT_CMAKE_SYMLINK_INSTALL=1 -DCMAKE_INSTALL_PREFIX=/home/akash/turtlebot3_ws/install/turtlebot3_manipulation_hardware
[2.135s] Invoking command in '/home/akash/turtlebot3_ws/build/turtlebot3_manipulation_hardware': CMAKE_PREFIX_PATH=/home/akash/turtlebot3_ws/install/dynamixel_sdk:/home/akash/turtlebot3_ws/install/turtlebot3:/home/akash/turtlebot3_ws/install/turtlebot3_bringup:/home/akash/turtlebot3_ws/install/turtlebot3_node:/home/akash/turtlebot3_ws/install/turtlebot3_navigation2:/home/akash/turtlebot3_ws/install/turtlebot3_msgs:/home/akash/turtlebot3_ws/install/turtlebot3_description:/home/akash/turtlebot3_ws/install/turtlebot3_cartographer:/home/akash/turtlebot3_ws/install/dynamixel_sdk_examples:/home/akash/turtlebot3_ws/install/dynamixel_sdk_custom_interfaces:/home/akash/pico_ws/install/whycon:/home/akash/pico_ws/install/swift_pico:/home/akash/pico_ws/install/rotors_swift_interface:/home/akash/pico_ws/install/swift_msgs:/home/akash/pico_ws/install/rotors_swift_gazebo:/home/akash/pico_ws/install/rotors_swift_description:/home/akash/pico_ws/install/rotors_control:/home/akash/pico_ws/install/pid_tune:/home/akash/pico_ws/install/pid_msg:/home/akash/pico_ws/install/mav_comm:/home/akash/pico_ws/install/mav_system_msgs:/home/akash/pico_ws/install/mav_state_machine_msgs:/home/akash/pico_ws/install/mav_planning_msgs:/home/akash/pico_ws/install/mav_msgs:/home/akash/turtlebot3_ws/install/turtlebot3_teleop:/home/akash/turtlebot3_ws/install/turtlebot3_example:/opt/ros/humble LD_LIBRARY_PATH=/home/akash/turtlebot3_ws/install/dynamixel_sdk/lib:/home/akash/turtlebot3_ws/install/turtlebot3_msgs/lib:/home/akash/turtlebot3_ws/install/dynamixel_sdk_custom_interfaces/lib:/home/akash/pico_ws/install/whycon/lib:/home/akash/pico_ws/install/swift_msgs/lib:/home/akash/pico_ws/install/rotors_control/lib:/home/akash/pico_ws/install/pid_msg/lib:/home/akash/pico_ws/install/mav_system_msgs/lib:/home/akash/pico_ws/install/mav_state_machine_msgs/lib:/home/akash/pico_ws/install/mav_planning_msgs/lib:/home/akash/pico_ws/install/mav_msgs/lib:/usr/lib/x86_64-linux-gnu/gazebo-11/plugins:/opt/ros/humble/opt/rviz_ogre_vendor/lib:/opt/ros/humble/lib/x86_64-linux-gnu:/opt/ros/humble/lib /usr/bin/cmake --build /home/akash/turtlebot3_ws/build/turtlebot3_manipulation_hardware -- -j12 -l12
[2.199s] [ 75%] [32mBuilding CXX object CMakeFiles/turtlebot3_manipulation_hardware.dir/src/turtlebot3_manipulation_system.cpp.o[0m
[2.200s] [ 75%] [32mBuilding CXX object CMakeFiles/turtlebot3_manipulation_hardware.dir/src/dynamixel_sdk_wrapper.cpp.o[0m
[2.200s] [ 75%] [32mBuilding CXX object CMakeFiles/turtlebot3_manipulation_hardware.dir/src/opencr.cpp.o[0m
[6.267s] [100%] [32m[1mLinking CXX shared library libturtlebot3_manipulation_hardware.so[0m
[6.456s] [100%] Built target turtlebot3_manipulation_hardware
[6.469s] Invoked command in '/home/akash/turtlebot3_ws/build/turtlebot3_manipulation_hardware' returned '0': CMAKE_PREFIX_PATH=/home/akash/turtlebot3_ws/install/dynamixel_sdk:/home/akash/turtlebot3_ws/install/turtlebot3:/home/akash/turtlebot3_ws/install/turtlebot3_bringup:/home/akash/turtlebot3_ws/install/turtlebot3_node:/home/akash/turtlebot3_ws/install/turtlebot3_navigation2:/home/akash/turtlebot3_ws/install/turtlebot3_msgs:/home/akash/turtlebot3_ws/install/turtlebot3_description:/home/akash/turtlebot3_ws/install/turtlebot3_cartographer:/home/akash/turtlebot3_ws/install/dynamixel_sdk_examples:/home/akash/turtlebot3_ws/install/dynamixel_sdk_custom_interfaces:/home/akash/pico_ws/install/whycon:/home/akash/pico_ws/install/swift_pico:/home/akash/pico_ws/install/rotors_swift_interface:/home/akash/pico_ws/install/swift_msgs:/home/akash/pico_ws/install/rotors_swift_gazebo:/home/akash/pico_ws/install/rotors_swift_description:/home/akash/pico_ws/install/rotors_control:/home/akash/pico_ws/install/pid_tune:/home/akash/pico_ws/install/pid_msg:/home/akash/pico_ws/install/mav_comm:/home/akash/pico_ws/install/mav_system_msgs:/home/akash/pico_ws/install/mav_state_machine_msgs:/home/akash/pico_ws/install/mav_planning_msgs:/home/akash/pico_ws/install/mav_msgs:/home/akash/turtlebot3_ws/install/turtlebot3_teleop:/home/akash/turtlebot3_ws/install/turtlebot3_example:/opt/ros/humble LD_LIBRARY_PATH=/home/akash/turtlebot3_ws/install/dynamixel_sdk/lib:/home/akash/turtlebot3_ws/install/turtlebot3_msgs/lib:/home/akash/turtlebot3_ws/install/dynamixel_sdk_custom_interfaces/lib:/home/akash/pico_ws/install/whycon/lib:/home/akash/pico_ws/install/swift_msgs/lib:/home/akash/pico_ws/install/rotors_control/lib:/home/akash/pico_ws/install/pid_msg/lib:/home/akash/pico_ws/install/mav_system_msgs/lib:/home/akash/pico_ws/install/mav_state_machine_msgs/lib:/home/akash/pico_ws/install/mav_planning_msgs/lib:/home/akash/pico_ws/install/mav_msgs/lib:/usr/lib/x86_64-linux-gnu/gazebo-11/plugins:/opt/ros/humble/opt/rviz_ogre_vendor/lib:/opt/ros/humble/lib/x86_64-linux-gnu:/opt/ros/humble/lib /usr/bin/cmake --build /home/akash/turtlebot3_ws/build/turtlebot3_manipulation_hardware -- -j12 -l12
[6.516s] Invoking command in '/home/akash/turtlebot3_ws/build/turtlebot3_manipulation_hardware': CMAKE_PREFIX_PATH=/home/akash/turtlebot3_ws/install/dynamixel_sdk:/home/akash/turtlebot3_ws/install/turtlebot3:/home/akash/turtlebot3_ws/install/turtlebot3_bringup:/home/akash/turtlebot3_ws/install/turtlebot3_node:/home/akash/turtlebot3_ws/install/turtlebot3_navigation2:/home/akash/turtlebot3_ws/install/turtlebot3_msgs:/home/akash/turtlebot3_ws/install/turtlebot3_description:/home/akash/turtlebot3_ws/install/turtlebot3_cartographer:/home/akash/turtlebot3_ws/install/dynamixel_sdk_examples:/home/akash/turtlebot3_ws/install/dynamixel_sdk_custom_interfaces:/home/akash/pico_ws/install/whycon:/home/akash/pico_ws/install/swift_pico:/home/akash/pico_ws/install/rotors_swift_interface:/home/akash/pico_ws/install/swift_msgs:/home/akash/pico_ws/install/rotors_swift_gazebo:/home/akash/pico_ws/install/rotors_swift_description:/home/akash/pico_ws/install/rotors_control:/home/akash/pico_ws/install/pid_tune:/home/akash/pico_ws/install/pid_msg:/home/akash/pico_ws/install/mav_comm:/home/akash/pico_ws/install/mav_system_msgs:/home/akash/pico_ws/install/mav_state_machine_msgs:/home/akash/pico_ws/install/mav_planning_msgs:/home/akash/pico_ws/install/mav_msgs:/home/akash/turtlebot3_ws/install/turtlebot3_teleop:/home/akash/turtlebot3_ws/install/turtlebot3_example:/opt/ros/humble LD_LIBRARY_PATH=/home/akash/turtlebot3_ws/install/dynamixel_sdk/lib:/home/akash/turtlebot3_ws/install/turtlebot3_msgs/lib:/home/akash/turtlebot3_ws/install/dynamixel_sdk_custom_interfaces/lib:/home/akash/pico_ws/install/whycon/lib:/home/akash/pico_ws/install/swift_msgs/lib:/home/akash/pico_ws/install/rotors_control/lib:/home/akash/pico_ws/install/pid_msg/lib:/home/akash/pico_ws/install/mav_system_msgs/lib:/home/akash/pico_ws/install/mav_state_machine_msgs/lib:/home/akash/pico_ws/install/mav_planning_msgs/lib:/home/akash/pico_ws/install/mav_msgs/lib:/usr/lib/x86_64-linux-gnu/gazebo-11/plugins:/opt/ros/humble/opt/rviz_ogre_vendor/lib:/opt/ros/humble/lib/x86_64-linux-gnu:/opt/ros/humble/lib /usr/bin/cmake --install /home/akash/turtlebot3_ws/build/turtlebot3_manipulation_hardware
[6.525s] -- Install configuration: ""
[6.526s] -- Execute custom install script
[6.526s] -- Symlinking: /home/akash/turtlebot3_ws/install/turtlebot3_manipulation_hardware/share/turtlebot3_manipulation_hardware//turtlebot3_manipulation_hardware.xml
[6.536s] -- Symlinking: /home/akash/turtlebot3_ws/install/turtlebot3_manipulation_hardware/include/turtlebot3_manipulation_hardware/dynamixel_sdk_wrapper.hpp
[6.545s] -- Symlinking: /home/akash/turtlebot3_ws/install/turtlebot3_manipulation_hardware/include/turtlebot3_manipulation_hardware/opencr.hpp
[6.555s] -- Symlinking: /home/akash/turtlebot3_ws/install/turtlebot3_manipulation_hardware/include/turtlebot3_manipulation_hardware/opencr_control_table.hpp
[6.564s] -- Symlinking: /home/akash/turtlebot3_ws/install/turtlebot3_manipulation_hardware/include/turtlebot3_manipulation_hardware/opencr_definitions.hpp
[6.573s] -- Symlinking: /home/akash/turtlebot3_ws/install/turtlebot3_manipulation_hardware/include/turtlebot3_manipulation_hardware/turtlebot3_manipulation_system.hpp
[6.583s] -- Symlinking: /home/akash/turtlebot3_ws/install/turtlebot3_manipulation_hardware/include/turtlebot3_manipulation_hardware/visibility_control.h
[6.594s] -- Symlinking: /home/akash/turtlebot3_ws/install/turtlebot3_manipulation_hardware/lib/libturtlebot3_manipulation_hardware.so
[6.605s] -- Symlinking: /home/akash/turtlebot3_ws/install/turtlebot3_manipulation_hardware/share/turtlebot3_manipulation_hardware/environment/library_path.sh
[6.615s] -- Symlinking: /home/akash/turtlebot3_ws/install/turtlebot3_manipulation_hardware/share/turtlebot3_manipulation_hardware/environment/library_path.dsv
[6.625s] -- Symlinking: /home/akash/turtlebot3_ws/install/turtlebot3_manipulation_hardware/share/ament_index/resource_index/package_run_dependencies/turtlebot3_manipulation_hardware
[6.635s] -- Symlinking: /home/akash/turtlebot3_ws/install/turtlebot3_manipulation_hardware/share/ament_index/resource_index/parent_prefix_path/turtlebot3_manipulation_hardware
[6.645s] -- Symlinking: /home/akash/turtlebot3_ws/install/turtlebot3_manipulation_hardware/share/turtlebot3_manipulation_hardware/environment/ament_prefix_path.sh
[6.655s] -- Symlinking: /home/akash/turtlebot3_ws/install/turtlebot3_manipulation_hardware/share/turtlebot3_manipulation_hardware/environment/ament_prefix_path.dsv
[6.665s] -- Symlinking: /home/akash/turtlebot3_ws/install/turtlebot3_manipulation_hardware/share/turtlebot3_manipulation_hardware/environment/path.sh
[6.675s] -- Symlinking: /home/akash/turtlebot3_ws/install/turtlebot3_manipulation_hardware/share/turtlebot3_manipulation_hardware/environment/path.dsv
[6.684s] -- Symlinking: /home/akash/turtlebot3_ws/install/turtlebot3_manipulation_hardware/share/turtlebot3_manipulation_hardware/local_setup.bash
[6.694s] -- Symlinking: /home/akash/turtlebot3_ws/install/turtlebot3_manipulation_hardware/share/turtlebot3_manipulation_hardware/local_setup.sh
[6.705s] -- Symlinking: /home/akash/turtlebot3_ws/install/turtlebot3_manipulation_hardware/share/turtlebot3_manipulation_hardware/local_setup.zsh
[6.715s] -- Symlinking: /home/akash/turtlebot3_ws/install/turtlebot3_manipulation_hardware/share/turtlebot3_manipulation_hardware/local_setup.dsv
[6.725s] -- Symlinking: /home/akash/turtlebot3_ws/install/turtlebot3_manipulation_hardware/share/turtlebot3_manipulation_hardware/package.dsv
[6.735s] -- Symlinking: /home/akash/turtlebot3_ws/install/turtlebot3_manipulation_hardware/share/ament_index/resource_index/packages/turtlebot3_manipulation_hardware
[6.745s] -- Symlinking: /home/akash/turtlebot3_ws/install/turtlebot3_manipulation_hardware/share/ament_index/resource_index/hardware_interface__pluginlib__plugin/turtlebot3_manipulation_hardware
[6.754s] -- Symlinking: /home/akash/turtlebot3_ws/install/turtlebot3_manipulation_hardware/share/turtlebot3_manipulation_hardware/cmake/ament_cmake_export_include_directories-extras.cmake
[6.765s] -- Symlinking: /home/akash/turtlebot3_ws/install/turtlebot3_manipulation_hardware/share/turtlebot3_manipulation_hardware/cmake/ament_cmake_export_libraries-extras.cmake
[6.775s] -- Symlinking: /home/akash/turtlebot3_ws/install/turtlebot3_manipulation_hardware/share/turtlebot3_manipulation_hardware/cmake/ament_cmake_export_dependencies-extras.cmake
[6.785s] -- Symlinking: /home/akash/turtlebot3_ws/install/turtlebot3_manipulation_hardware/share/turtlebot3_manipulation_hardware/cmake/turtlebot3_manipulation_hardwareConfig.cmake
[6.794s] -- Symlinking: /home/akash/turtlebot3_ws/install/turtlebot3_manipulation_hardware/share/turtlebot3_manipulation_hardware/cmake/turtlebot3_manipulation_hardwareConfig-version.cmake
[6.806s] -- Symlinking: /home/akash/turtlebot3_ws/install/turtlebot3_manipulation_hardware/share/turtlebot3_manipulation_hardware/package.xml
[6.819s] Invoked command in '/home/akash/turtlebot3_ws/build/turtlebot3_manipulation_hardware' returned '0': CMAKE_PREFIX_PATH=/home/akash/turtlebot3_ws/install/dynamixel_sdk:/home/akash/turtlebot3_ws/install/turtlebot3:/home/akash/turtlebot3_ws/install/turtlebot3_bringup:/home/akash/turtlebot3_ws/install/turtlebot3_node:/home/akash/turtlebot3_ws/install/turtlebot3_navigation2:/home/akash/turtlebot3_ws/install/turtlebot3_msgs:/home/akash/turtlebot3_ws/install/turtlebot3_description:/home/akash/turtlebot3_ws/install/turtlebot3_cartographer:/home/akash/turtlebot3_ws/install/dynamixel_sdk_examples:/home/akash/turtlebot3_ws/install/dynamixel_sdk_custom_interfaces:/home/akash/pico_ws/install/whycon:/home/akash/pico_ws/install/swift_pico:/home/akash/pico_ws/install/rotors_swift_interface:/home/akash/pico_ws/install/swift_msgs:/home/akash/pico_ws/install/rotors_swift_gazebo:/home/akash/pico_ws/install/rotors_swift_description:/home/akash/pico_ws/install/rotors_control:/home/akash/pico_ws/install/pid_tune:/home/akash/pico_ws/install/pid_msg:/home/akash/pico_ws/install/mav_comm:/home/akash/pico_ws/install/mav_system_msgs:/home/akash/pico_ws/install/mav_state_machine_msgs:/home/akash/pico_ws/install/mav_planning_msgs:/home/akash/pico_ws/install/mav_msgs:/home/akash/turtlebot3_ws/install/turtlebot3_teleop:/home/akash/turtlebot3_ws/install/turtlebot3_example:/opt/ros/humble LD_LIBRARY_PATH=/home/akash/turtlebot3_ws/install/dynamixel_sdk/lib:/home/akash/turtlebot3_ws/install/turtlebot3_msgs/lib:/home/akash/turtlebot3_ws/install/dynamixel_sdk_custom_interfaces/lib:/home/akash/pico_ws/install/whycon/lib:/home/akash/pico_ws/install/swift_msgs/lib:/home/akash/pico_ws/install/rotors_control/lib:/home/akash/pico_ws/install/pid_msg/lib:/home/akash/pico_ws/install/mav_system_msgs/lib:/home/akash/pico_ws/install/mav_state_machine_msgs/lib:/home/akash/pico_ws/install/mav_planning_msgs/lib:/home/akash/pico_ws/install/mav_msgs/lib:/usr/lib/x86_64-linux-gnu/gazebo-11/plugins:/opt/ros/humble/opt/rviz_ogre_vendor/lib:/opt/ros/humble/lib/x86_64-linux-gnu:/opt/ros/humble/lib /usr/bin/cmake --install /home/akash/turtlebot3_ws/build/turtlebot3_manipulation_hardware
