[1.502s] Invoking command in '/home/akash/turtlebot3_ws/src/move_forward': PYTHONPATH=/home/akash/turtlebot3_ws/build/move_forward/prefix_override:/usr/lib/python3/dist-packages/colcon_core/task/python/colcon_distutils_commands:/home/akash/turtlebot3_ws/install/move_forward/lib/python3.10/site-packages:${PYTHONPATH} /usr/bin/python3 -W ignore:setup.py install is deprecated setup.py egg_info --egg-base ../../build/move_forward build --build-base /home/akash/turtlebot3_ws/build/move_forward/build install --record /home/akash/turtlebot3_ws/build/move_forward/install.log --single-version-externally-managed install_data
[1.737s] running egg_info
[1.740s] writing ../../build/move_forward/move_forward.egg-info/PKG-INFO
[1.741s] writing dependency_links to ../../build/move_forward/move_forward.egg-info/dependency_links.txt
[1.741s] writing entry points to ../../build/move_forward/move_forward.egg-info/entry_points.txt
[1.741s] writing requirements to ../../build/move_forward/move_forward.egg-info/requires.txt
[1.741s] writing top-level names to ../../build/move_forward/move_forward.egg-info/top_level.txt
[1.743s] reading manifest file '../../build/move_forward/move_forward.egg-info/SOURCES.txt'
[1.744s] writing manifest file '../../build/move_forward/move_forward.egg-info/SOURCES.txt'
[1.744s] running build
[1.744s] running build_py
[1.744s] running install
[1.745s] running install_lib
[1.746s] running install_data
[1.746s] running install_egg_info
[1.748s] removing '/home/akash/turtlebot3_ws/install/move_forward/lib/python3.10/site-packages/move_forward-0.0.0-py3.10.egg-info' (and everything under it)
[1.748s] Copying ../../build/move_forward/move_forward.egg-info to /home/akash/turtlebot3_ws/install/move_forward/lib/python3.10/site-packages/move_forward-0.0.0-py3.10.egg-info
[1.749s] running install_scripts
[1.773s] Installing move_forward script to /home/akash/turtlebot3_ws/install/move_forward/lib/move_forward
[1.773s] writing list of installed files to '/home/akash/turtlebot3_ws/build/move_forward/install.log'
[1.816s] Invoked command in '/home/akash/turtlebot3_ws/src/move_forward' returned '0': PYTHONPATH=/home/akash/turtlebot3_ws/build/move_forward/prefix_override:/usr/lib/python3/dist-packages/colcon_core/task/python/colcon_distutils_commands:/home/akash/turtlebot3_ws/install/move_forward/lib/python3.10/site-packages:${PYTHONPATH} /usr/bin/python3 -W ignore:setup.py install is deprecated setup.py egg_info --egg-base ../../build/move_forward build --build-base /home/akash/turtlebot3_ws/build/move_forward/build install --record /home/akash/turtlebot3_ws/build/move_forward/install.log --single-version-externally-managed install_data
