running egg_info
writing ../../build/turtlebot_manipulator_control/turtlebot_manipulator_control.egg-info/PKG-INFO
writing dependency_links to ../../build/turtlebot_manipulator_control/turtlebot_manipulator_control.egg-info/dependency_links.txt
writing entry points to ../../build/turtlebot_manipulator_control/turtlebot_manipulator_control.egg-info/entry_points.txt
writing requirements to ../../build/turtlebot_manipulator_control/turtlebot_manipulator_control.egg-info/requires.txt
writing top-level names to ../../build/turtlebot_manipulator_control/turtlebot_manipulator_control.egg-info/top_level.txt
reading manifest file '../../build/turtlebot_manipulator_control/turtlebot_manipulator_control.egg-info/SOURCES.txt'
writing manifest file '../../build/turtlebot_manipulator_control/turtlebot_manipulator_control.egg-info/SOURCES.txt'
running build
running build_py
running install
running install_lib
running install_data
copying package.xml -> /home/akash/turtlebot3_ws/install/turtlebot_manipulator_control/share/turtlebot_manipulator_control
running install_egg_info
removing '/home/akash/turtlebot3_ws/install/turtlebot_manipulator_control/lib/python3.10/site-packages/turtlebot_manipulator_control-0.0.0-py3.10.egg-info' (and everything under it)
Copying ../../build/turtlebot_manipulator_control/turtlebot_manipulator_control.egg-info to /home/akash/turtlebot3_ws/install/turtlebot_manipulator_control/lib/python3.10/site-packages/turtlebot_manipulator_control-0.0.0-py3.10.egg-info
running install_scripts
Installing circular_motion script to /home/akash/turtlebot3_ws/install/turtlebot_manipulator_control/lib/turtlebot_manipulator_control
writing list of installed files to '/home/akash/turtlebot3_ws/build/turtlebot_manipulator_control/install.log'
