[1.352s] Invoking command in '/home/akash/turtlebot3_ws/build/turtlebot3_teleop': PYTHONPATH=/home/akash/turtlebot3_ws/build/turtlebot3_teleop/prefix_override:/usr/lib/python3/dist-packages/colcon_core/task/python/colcon_distutils_commands:/home/akash/turtlebot3_ws/install/turtlebot3_teleop/lib/python3.10/site-packages:${PYTHONPATH} /usr/bin/python3 -W ignore:setup.py install is deprecated setup.py develop --editable --build-directory /home/akash/turtlebot3_ws/build/turtlebot3_teleop/build --no-deps symlink_data
[1.767s] running develop
[1.767s] /usr/lib/python3/dist-packages/setuptools/command/easy_install.py:158: EasyInstallDeprecationWarning: easy_install command is deprecated. Use build and pip and other standards-based tools.
[1.767s]   warnings.warn(
[1.842s] /usr/lib/python3/dist-packages/pkg_resources/__init__.py:116: PkgResourcesDeprecationWarning: 1.12.1-git20200711.33e2d80-dfsg1-0.6 is an invalid version and will not be supported in a future release
[1.842s]   warnings.warn(
[1.970s] running egg_info
[1.970s] writing turtlebot3_teleop.egg-info/PKG-INFO
[1.970s] writing dependency_links to turtlebot3_teleop.egg-info/dependency_links.txt
[1.971s] writing entry points to turtlebot3_teleop.egg-info/entry_points.txt
[1.971s] writing requirements to turtlebot3_teleop.egg-info/requires.txt
[1.972s] writing top-level names to turtlebot3_teleop.egg-info/top_level.txt
[1.974s] reading manifest file 'turtlebot3_teleop.egg-info/SOURCES.txt'
[1.975s] writing manifest file 'turtlebot3_teleop.egg-info/SOURCES.txt'
[2.037s] running build_ext
[2.038s] Creating /home/akash/turtlebot3_ws/install/turtlebot3_teleop/lib/python3.10/site-packages/turtlebot3-teleop.egg-link (link to .)
[2.039s] Installing teleop_keyboard script to /home/akash/turtlebot3_ws/install/turtlebot3_teleop/lib/turtlebot3_teleop
[2.039s] 
[2.039s] Installed /home/akash/turtlebot3_ws/build/turtlebot3_teleop
[2.039s] running symlink_data
[2.100s] Invoked command in '/home/akash/turtlebot3_ws/build/turtlebot3_teleop' returned '0': PYTHONPATH=/home/akash/turtlebot3_ws/build/turtlebot3_teleop/prefix_override:/usr/lib/python3/dist-packages/colcon_core/task/python/colcon_distutils_commands:/home/akash/turtlebot3_ws/install/turtlebot3_teleop/lib/python3.10/site-packages:${PYTHONPATH} /usr/bin/python3 -W ignore:setup.py install is deprecated setup.py develop --editable --build-directory /home/akash/turtlebot3_ws/build/turtlebot3_teleop/build --no-deps symlink_data
