[0.021s] Invoking command in '/home/akash/turtlebot3_ws/build/turtlebot3_manipulation_teleop': AMENT_PREFIX_PATH=/home/akash/turtlebot3_ws/install/turtlebot3_manipulation_moveit_config:/home/akash/turtlebot3_ws/install/turtlebot3_manipulation_bringup:/home/akash/turtlebot3_ws/install/turtlebot3_manipulation_description:${AMENT_PREFIX_PATH} CMAKE_PREFIX_PATH=/home/akash/turtlebot3_ws/install/turtlebot3_manipulation_moveit_config:/home/akash/turtlebot3_ws/install/turtlebot3_manipulation_bringup:/home/akash/turtlebot3_ws/install/turtlebot3_manipulation_description:/home/akash/turtlebot3_ws/install/turtlebot3:/home/akash/turtlebot3_ws/install/turtlebot3_bringup:/home/akash/turtlebot3_ws/install/turtlebot3_node:/home/akash/turtlebot3_ws/install/turtlebot3_navigation2:/home/akash/turtlebot3_ws/install/turtlebot3_msgs:/home/akash/turtlebot3_ws/install/turtlebot3_description:/home/akash/turtlebot3_ws/install/turtlebot3_cartographer:/home/akash/turtlebot3_ws/install/dynamixel_sdk_examples:/home/akash/turtlebot3_ws/install/dynamixel_sdk_custom_interfaces:/home/akash/turtlebot3_ws/install/dynamixel_sdk:/home/akash/pico_ws/install/whycon:/home/akash/pico_ws/install/swift_pico:/home/akash/pico_ws/install/rotors_swift_interface:/home/akash/pico_ws/install/swift_msgs:/home/akash/pico_ws/install/rotors_swift_gazebo:/home/akash/pico_ws/install/rotors_swift_description:/home/akash/pico_ws/install/rotors_control:/home/akash/pico_ws/install/pid_tune:/home/akash/pico_ws/install/pid_msg:/home/akash/pico_ws/install/mav_comm:/home/akash/pico_ws/install/mav_system_msgs:/home/akash/pico_ws/install/mav_state_machine_msgs:/home/akash/pico_ws/install/mav_planning_msgs:/home/akash/pico_ws/install/mav_msgs:/home/akash/turtlebot3_ws/install/turtlebot3_teleop:/home/akash/turtlebot3_ws/install/turtlebot3_example:/opt/ros/humble /usr/bin/cmake /home/akash/turtlebot3_ws/src/turtlebot3_manipulation/turtlebot3_manipulation_teleop -DAMENT_CMAKE_SYMLINK_INSTALL=1 -DCMAKE_INSTALL_PREFIX=/home/akash/turtlebot3_ws/install/turtlebot3_manipulation_teleop
[0.101s] -- The C compiler identification is GNU 11.4.0
[0.168s] -- The CXX compiler identification is GNU 11.4.0
[0.177s] -- Detecting C compiler ABI info
[0.265s] -- Detecting C compiler ABI info - done
[0.273s] -- Check for working C compiler: /usr/bin/cc - skipped
[0.273s] -- Detecting C compile features
[0.273s] -- Detecting C compile features - done
[0.277s] -- Detecting CXX compiler ABI info
[0.373s] -- Detecting CXX compiler ABI info - done
[0.382s] -- Check for working CXX compiler: /usr/bin/c++ - skipped
[0.382s] -- Detecting CXX compile features
[0.382s] -- Detecting CXX compile features - done
[0.388s] -- Found ament_cmake: 1.3.10 (/opt/ros/humble/share/ament_cmake/cmake)
[0.585s] -- Found Python3: /usr/bin/python3 (found version "3.10.12") found components: Interpreter 
[0.658s] -- Override CMake install command with custom implementation using symlinks instead of copying resources
[0.721s] -- Found rclcpp: 16.0.10 (/opt/ros/humble/share/rclcpp/cmake)
[0.783s] -- Found rosidl_generator_c: 3.1.5 (/opt/ros/humble/share/rosidl_generator_c/cmake)
[0.793s] -- Found rosidl_adapter: 3.1.5 (/opt/ros/humble/share/rosidl_adapter/cmake)
[0.804s] -- Found rosidl_generator_cpp: 3.1.5 (/opt/ros/humble/share/rosidl_generator_cpp/cmake)
[0.820s] -- Using all available rosidl_typesupport_c: rosidl_typesupport_fastrtps_c;rosidl_typesupport_introspection_c
[0.842s] -- Using all available rosidl_typesupport_cpp: rosidl_typesupport_fastrtps_cpp;rosidl_typesupport_introspection_cpp
[0.907s] -- Found rmw_implementation_cmake: 6.1.2 (/opt/ros/humble/share/rmw_implementation_cmake/cmake)
[0.912s] -- Found rmw_fastrtps_cpp: 6.2.7 (/opt/ros/humble/share/rmw_fastrtps_cpp/cmake)
[1.030s] -- Found OpenSSL: /usr/lib/x86_64-linux-gnu/libcrypto.so (found version "3.0.2")  
[1.067s] -- Found FastRTPS: /opt/ros/humble/include  
[1.123s] -- Using RMW implementation 'rmw_fastrtps_cpp' as default
[1.136s] -- Looking for pthread.h
[1.221s] -- Looking for pthread.h - found
[1.221s] -- Performing Test CMAKE_HAVE_LIBC_PTHREAD
[1.307s] -- Performing Test CMAKE_HAVE_LIBC_PTHREAD - Success
[1.308s] -- Found Threads: TRUE  
[1.367s] -- Found turtlebot3_manipulation_bringup: 2.2.0 (/home/akash/turtlebot3_ws/install/turtlebot3_manipulation_bringup/share/turtlebot3_manipulation_bringup/cmake)
[1.367s] -- Found turtlebot3_manipulation_moveit_config: 2.2.0 (/home/akash/turtlebot3_ws/install/turtlebot3_manipulation_moveit_config/share/turtlebot3_manipulation_moveit_config/cmake)
[1.368s] -- Found turtlebot3_manipulation_description: 2.2.0 (/home/akash/turtlebot3_ws/install/turtlebot3_manipulation_description/share/turtlebot3_manipulation_description/cmake)
[1.371s] -- Found geometry_msgs: 4.2.4 (/opt/ros/humble/share/geometry_msgs/cmake)
[1.388s] -- Found nav_msgs: 4.2.4 (/opt/ros/humble/share/nav_msgs/cmake)
[1.407s] -- Found control_msgs: 4.6.0 (/opt/ros/humble/share/control_msgs/cmake)
[1.500s] -- Found std_srvs: 4.2.4 (/opt/ros/humble/share/std_srvs/cmake)
[1.514s] -- Found rclcpp_action: 16.0.10 (/opt/ros/humble/share/rclcpp_action/cmake)
[1.536s] -- Found ament_lint_auto: 0.12.11 (/opt/ros/humble/share/ament_lint_auto/cmake)
[1.659s] -- Added test 'copyright' to check source files copyright and LICENSE
[1.660s] -- Added test 'cppcheck' to perform static code analysis on C / C++ code
[1.660s] -- Configured cppcheck include dirs: $<BUILD_INTERFACE:/home/akash/turtlebot3_ws/src/turtlebot3_manipulation/turtlebot3_manipulation_teleop/include>
[1.660s] -- Configured cppcheck exclude dirs and/or files: 
[1.661s] -- Added test 'cpplint' to check C / C++ code against the Google style
[1.662s] -- Configured cpplint exclude dirs and/or files: 
[1.662s] -- Added test 'lint_cmake' to check CMake code style
[1.664s] -- Added test 'uncrustify' to check C / C++ code style
[1.664s] -- Configured uncrustify additional arguments: 
[1.664s] -- Added test 'xmllint' to check XML markup files
[1.667s] -- Configuring done
[1.681s] -- Generating done
[1.684s] -- Build files have been written to: /home/akash/turtlebot3_ws/build/turtlebot3_manipulation_teleop
[1.696s] Invoked command in '/home/akash/turtlebot3_ws/build/turtlebot3_manipulation_teleop' returned '0': AMENT_PREFIX_PATH=/home/akash/turtlebot3_ws/install/turtlebot3_manipulation_moveit_config:/home/akash/turtlebot3_ws/install/turtlebot3_manipulation_bringup:/home/akash/turtlebot3_ws/install/turtlebot3_manipulation_description:${AMENT_PREFIX_PATH} CMAKE_PREFIX_PATH=/home/akash/turtlebot3_ws/install/turtlebot3_manipulation_moveit_config:/home/akash/turtlebot3_ws/install/turtlebot3_manipulation_bringup:/home/akash/turtlebot3_ws/install/turtlebot3_manipulation_description:/home/akash/turtlebot3_ws/install/turtlebot3:/home/akash/turtlebot3_ws/install/turtlebot3_bringup:/home/akash/turtlebot3_ws/install/turtlebot3_node:/home/akash/turtlebot3_ws/install/turtlebot3_navigation2:/home/akash/turtlebot3_ws/install/turtlebot3_msgs:/home/akash/turtlebot3_ws/install/turtlebot3_description:/home/akash/turtlebot3_ws/install/turtlebot3_cartographer:/home/akash/turtlebot3_ws/install/dynamixel_sdk_examples:/home/akash/turtlebot3_ws/install/dynamixel_sdk_custom_interfaces:/home/akash/turtlebot3_ws/install/dynamixel_sdk:/home/akash/pico_ws/install/whycon:/home/akash/pico_ws/install/swift_pico:/home/akash/pico_ws/install/rotors_swift_interface:/home/akash/pico_ws/install/swift_msgs:/home/akash/pico_ws/install/rotors_swift_gazebo:/home/akash/pico_ws/install/rotors_swift_description:/home/akash/pico_ws/install/rotors_control:/home/akash/pico_ws/install/pid_tune:/home/akash/pico_ws/install/pid_msg:/home/akash/pico_ws/install/mav_comm:/home/akash/pico_ws/install/mav_system_msgs:/home/akash/pico_ws/install/mav_state_machine_msgs:/home/akash/pico_ws/install/mav_planning_msgs:/home/akash/pico_ws/install/mav_msgs:/home/akash/turtlebot3_ws/install/turtlebot3_teleop:/home/akash/turtlebot3_ws/install/turtlebot3_example:/opt/ros/humble /usr/bin/cmake /home/akash/turtlebot3_ws/src/turtlebot3_manipulation/turtlebot3_manipulation_teleop -DAMENT_CMAKE_SYMLINK_INSTALL=1 -DCMAKE_INSTALL_PREFIX=/home/akash/turtlebot3_ws/install/turtlebot3_manipulation_teleop
[1.699s] Invoking command in '/home/akash/turtlebot3_ws/build/turtlebot3_manipulation_teleop': AMENT_PREFIX_PATH=/home/akash/turtlebot3_ws/install/turtlebot3_manipulation_moveit_config:/home/akash/turtlebot3_ws/install/turtlebot3_manipulation_bringup:/home/akash/turtlebot3_ws/install/turtlebot3_manipulation_description:${AMENT_PREFIX_PATH} CMAKE_PREFIX_PATH=/home/akash/turtlebot3_ws/install/turtlebot3_manipulation_moveit_config:/home/akash/turtlebot3_ws/install/turtlebot3_manipulation_bringup:/home/akash/turtlebot3_ws/install/turtlebot3_manipulation_description:/home/akash/turtlebot3_ws/install/turtlebot3:/home/akash/turtlebot3_ws/install/turtlebot3_bringup:/home/akash/turtlebot3_ws/install/turtlebot3_node:/home/akash/turtlebot3_ws/install/turtlebot3_navigation2:/home/akash/turtlebot3_ws/install/turtlebot3_msgs:/home/akash/turtlebot3_ws/install/turtlebot3_description:/home/akash/turtlebot3_ws/install/turtlebot3_cartographer:/home/akash/turtlebot3_ws/install/dynamixel_sdk_examples:/home/akash/turtlebot3_ws/install/dynamixel_sdk_custom_interfaces:/home/akash/turtlebot3_ws/install/dynamixel_sdk:/home/akash/pico_ws/install/whycon:/home/akash/pico_ws/install/swift_pico:/home/akash/pico_ws/install/rotors_swift_interface:/home/akash/pico_ws/install/swift_msgs:/home/akash/pico_ws/install/rotors_swift_gazebo:/home/akash/pico_ws/install/rotors_swift_description:/home/akash/pico_ws/install/rotors_control:/home/akash/pico_ws/install/pid_tune:/home/akash/pico_ws/install/pid_msg:/home/akash/pico_ws/install/mav_comm:/home/akash/pico_ws/install/mav_system_msgs:/home/akash/pico_ws/install/mav_state_machine_msgs:/home/akash/pico_ws/install/mav_planning_msgs:/home/akash/pico_ws/install/mav_msgs:/home/akash/turtlebot3_ws/install/turtlebot3_teleop:/home/akash/turtlebot3_ws/install/turtlebot3_example:/opt/ros/humble /usr/bin/cmake --build /home/akash/turtlebot3_ws/build/turtlebot3_manipulation_teleop -- -j12 -l12
[1.764s] [ 50%] [32mBuilding CXX object CMakeFiles/turtlebot3_manipulation_teleop.dir/src/turtlebot3_manipulation_teleop.cpp.o[0m
[8.473s] [100%] [32m[1mLinking CXX executable turtlebot3_manipulation_teleop[0m
[8.807s] [100%] Built target turtlebot3_manipulation_teleop
[8.821s] Invoked command in '/home/akash/turtlebot3_ws/build/turtlebot3_manipulation_teleop' returned '0': AMENT_PREFIX_PATH=/home/akash/turtlebot3_ws/install/turtlebot3_manipulation_moveit_config:/home/akash/turtlebot3_ws/install/turtlebot3_manipulation_bringup:/home/akash/turtlebot3_ws/install/turtlebot3_manipulation_description:${AMENT_PREFIX_PATH} CMAKE_PREFIX_PATH=/home/akash/turtlebot3_ws/install/turtlebot3_manipulation_moveit_config:/home/akash/turtlebot3_ws/install/turtlebot3_manipulation_bringup:/home/akash/turtlebot3_ws/install/turtlebot3_manipulation_description:/home/akash/turtlebot3_ws/install/turtlebot3:/home/akash/turtlebot3_ws/install/turtlebot3_bringup:/home/akash/turtlebot3_ws/install/turtlebot3_node:/home/akash/turtlebot3_ws/install/turtlebot3_navigation2:/home/akash/turtlebot3_ws/install/turtlebot3_msgs:/home/akash/turtlebot3_ws/install/turtlebot3_description:/home/akash/turtlebot3_ws/install/turtlebot3_cartographer:/home/akash/turtlebot3_ws/install/dynamixel_sdk_examples:/home/akash/turtlebot3_ws/install/dynamixel_sdk_custom_interfaces:/home/akash/turtlebot3_ws/install/dynamixel_sdk:/home/akash/pico_ws/install/whycon:/home/akash/pico_ws/install/swift_pico:/home/akash/pico_ws/install/rotors_swift_interface:/home/akash/pico_ws/install/swift_msgs:/home/akash/pico_ws/install/rotors_swift_gazebo:/home/akash/pico_ws/install/rotors_swift_description:/home/akash/pico_ws/install/rotors_control:/home/akash/pico_ws/install/pid_tune:/home/akash/pico_ws/install/pid_msg:/home/akash/pico_ws/install/mav_comm:/home/akash/pico_ws/install/mav_system_msgs:/home/akash/pico_ws/install/mav_state_machine_msgs:/home/akash/pico_ws/install/mav_planning_msgs:/home/akash/pico_ws/install/mav_msgs:/home/akash/turtlebot3_ws/install/turtlebot3_teleop:/home/akash/turtlebot3_ws/install/turtlebot3_example:/opt/ros/humble /usr/bin/cmake --build /home/akash/turtlebot3_ws/build/turtlebot3_manipulation_teleop -- -j12 -l12
[8.865s] Invoking command in '/home/akash/turtlebot3_ws/build/turtlebot3_manipulation_teleop': AMENT_PREFIX_PATH=/home/akash/turtlebot3_ws/install/turtlebot3_manipulation_moveit_config:/home/akash/turtlebot3_ws/install/turtlebot3_manipulation_bringup:/home/akash/turtlebot3_ws/install/turtlebot3_manipulation_description:${AMENT_PREFIX_PATH} CMAKE_PREFIX_PATH=/home/akash/turtlebot3_ws/install/turtlebot3_manipulation_moveit_config:/home/akash/turtlebot3_ws/install/turtlebot3_manipulation_bringup:/home/akash/turtlebot3_ws/install/turtlebot3_manipulation_description:/home/akash/turtlebot3_ws/install/turtlebot3:/home/akash/turtlebot3_ws/install/turtlebot3_bringup:/home/akash/turtlebot3_ws/install/turtlebot3_node:/home/akash/turtlebot3_ws/install/turtlebot3_navigation2:/home/akash/turtlebot3_ws/install/turtlebot3_msgs:/home/akash/turtlebot3_ws/install/turtlebot3_description:/home/akash/turtlebot3_ws/install/turtlebot3_cartographer:/home/akash/turtlebot3_ws/install/dynamixel_sdk_examples:/home/akash/turtlebot3_ws/install/dynamixel_sdk_custom_interfaces:/home/akash/turtlebot3_ws/install/dynamixel_sdk:/home/akash/pico_ws/install/whycon:/home/akash/pico_ws/install/swift_pico:/home/akash/pico_ws/install/rotors_swift_interface:/home/akash/pico_ws/install/swift_msgs:/home/akash/pico_ws/install/rotors_swift_gazebo:/home/akash/pico_ws/install/rotors_swift_description:/home/akash/pico_ws/install/rotors_control:/home/akash/pico_ws/install/pid_tune:/home/akash/pico_ws/install/pid_msg:/home/akash/pico_ws/install/mav_comm:/home/akash/pico_ws/install/mav_system_msgs:/home/akash/pico_ws/install/mav_state_machine_msgs:/home/akash/pico_ws/install/mav_planning_msgs:/home/akash/pico_ws/install/mav_msgs:/home/akash/turtlebot3_ws/install/turtlebot3_teleop:/home/akash/turtlebot3_ws/install/turtlebot3_example:/opt/ros/humble /usr/bin/cmake --install /home/akash/turtlebot3_ws/build/turtlebot3_manipulation_teleop
[8.875s] -- Install configuration: ""
[8.876s] -- Execute custom install script
[8.876s] -- Symlinking: /home/akash/turtlebot3_ws/install/turtlebot3_manipulation_teleop/lib/turtlebot3_manipulation_teleop/turtlebot3_manipulation_teleop
[8.887s] -- Symlinking: /home/akash/turtlebot3_ws/install/turtlebot3_manipulation_teleop/share/ament_index/resource_index/package_run_dependencies/turtlebot3_manipulation_teleop
[8.898s] -- Symlinking: /home/akash/turtlebot3_ws/install/turtlebot3_manipulation_teleop/share/ament_index/resource_index/parent_prefix_path/turtlebot3_manipulation_teleop
[8.908s] -- Symlinking: /home/akash/turtlebot3_ws/install/turtlebot3_manipulation_teleop/share/turtlebot3_manipulation_teleop/environment/ament_prefix_path.sh
[8.920s] -- Symlinking: /home/akash/turtlebot3_ws/install/turtlebot3_manipulation_teleop/share/turtlebot3_manipulation_teleop/environment/ament_prefix_path.dsv
[8.931s] -- Symlinking: /home/akash/turtlebot3_ws/install/turtlebot3_manipulation_teleop/share/turtlebot3_manipulation_teleop/environment/path.sh
[8.942s] -- Symlinking: /home/akash/turtlebot3_ws/install/turtlebot3_manipulation_teleop/share/turtlebot3_manipulation_teleop/environment/path.dsv
[8.952s] -- Symlinking: /home/akash/turtlebot3_ws/install/turtlebot3_manipulation_teleop/share/turtlebot3_manipulation_teleop/local_setup.bash
[8.962s] -- Symlinking: /home/akash/turtlebot3_ws/install/turtlebot3_manipulation_teleop/share/turtlebot3_manipulation_teleop/local_setup.sh
[8.973s] -- Symlinking: /home/akash/turtlebot3_ws/install/turtlebot3_manipulation_teleop/share/turtlebot3_manipulation_teleop/local_setup.zsh
[8.985s] -- Symlinking: /home/akash/turtlebot3_ws/install/turtlebot3_manipulation_teleop/share/turtlebot3_manipulation_teleop/local_setup.dsv
[8.995s] -- Symlinking: /home/akash/turtlebot3_ws/install/turtlebot3_manipulation_teleop/share/turtlebot3_manipulation_teleop/package.dsv
[9.004s] -- Symlinking: /home/akash/turtlebot3_ws/install/turtlebot3_manipulation_teleop/share/ament_index/resource_index/packages/turtlebot3_manipulation_teleop
[9.014s] -- Symlinking: /home/akash/turtlebot3_ws/install/turtlebot3_manipulation_teleop/share/turtlebot3_manipulation_teleop/cmake/turtlebot3_manipulation_teleopConfig.cmake
[9.024s] -- Symlinking: /home/akash/turtlebot3_ws/install/turtlebot3_manipulation_teleop/share/turtlebot3_manipulation_teleop/cmake/turtlebot3_manipulation_teleopConfig-version.cmake
[9.033s] -- Symlinking: /home/akash/turtlebot3_ws/install/turtlebot3_manipulation_teleop/share/turtlebot3_manipulation_teleop/package.xml
[9.044s] Invoked command in '/home/akash/turtlebot3_ws/build/turtlebot3_manipulation_teleop' returned '0': AMENT_PREFIX_PATH=/home/akash/turtlebot3_ws/install/turtlebot3_manipulation_moveit_config:/home/akash/turtlebot3_ws/install/turtlebot3_manipulation_bringup:/home/akash/turtlebot3_ws/install/turtlebot3_manipulation_description:${AMENT_PREFIX_PATH} CMAKE_PREFIX_PATH=/home/akash/turtlebot3_ws/install/turtlebot3_manipulation_moveit_config:/home/akash/turtlebot3_ws/install/turtlebot3_manipulation_bringup:/home/akash/turtlebot3_ws/install/turtlebot3_manipulation_description:/home/akash/turtlebot3_ws/install/turtlebot3:/home/akash/turtlebot3_ws/install/turtlebot3_bringup:/home/akash/turtlebot3_ws/install/turtlebot3_node:/home/akash/turtlebot3_ws/install/turtlebot3_navigation2:/home/akash/turtlebot3_ws/install/turtlebot3_msgs:/home/akash/turtlebot3_ws/install/turtlebot3_description:/home/akash/turtlebot3_ws/install/turtlebot3_cartographer:/home/akash/turtlebot3_ws/install/dynamixel_sdk_examples:/home/akash/turtlebot3_ws/install/dynamixel_sdk_custom_interfaces:/home/akash/turtlebot3_ws/install/dynamixel_sdk:/home/akash/pico_ws/install/whycon:/home/akash/pico_ws/install/swift_pico:/home/akash/pico_ws/install/rotors_swift_interface:/home/akash/pico_ws/install/swift_msgs:/home/akash/pico_ws/install/rotors_swift_gazebo:/home/akash/pico_ws/install/rotors_swift_description:/home/akash/pico_ws/install/rotors_control:/home/akash/pico_ws/install/pid_tune:/home/akash/pico_ws/install/pid_msg:/home/akash/pico_ws/install/mav_comm:/home/akash/pico_ws/install/mav_system_msgs:/home/akash/pico_ws/install/mav_state_machine_msgs:/home/akash/pico_ws/install/mav_planning_msgs:/home/akash/pico_ws/install/mav_msgs:/home/akash/turtlebot3_ws/install/turtlebot3_teleop:/home/akash/turtlebot3_ws/install/turtlebot3_example:/opt/ros/humble /usr/bin/cmake --install /home/akash/turtlebot3_ws/build/turtlebot3_manipulation_teleop
