[0.069s] Invoking command in '/home/akash/turtlebot3_ws/build/turtlebot3_manipulation_description': CMAKE_PREFIX_PATH=${CMAKE_PREFIX_PATH}:/home/akash/turtlebot3_ws/install/turtlebot_manipulator_control:/home/akash/turtlebot3_ws/install/turtlebot3_teleop:/home/akash/turtlebot3_ws/install/turtlebot3_example:/home/akash/turtlebot3_ws/install/move_forward:/opt/ros/humble /usr/bin/cmake --build /home/akash/turtlebot3_ws/build/turtlebot3_manipulation_description -- -j12 -l12
[0.927s] Invoked command in '/home/akash/turtlebot3_ws/build/turtlebot3_manipulation_description' returned '0': CMAKE_PREFIX_PATH=${CMAKE_PREFIX_PATH}:/home/akash/turtlebot3_ws/install/turtlebot_manipulator_control:/home/akash/turtlebot3_ws/install/turtlebot3_teleop:/home/akash/turtlebot3_ws/install/turtlebot3_example:/home/akash/turtlebot3_ws/install/move_forward:/opt/ros/humble /usr/bin/cmake --build /home/akash/turtlebot3_ws/build/turtlebot3_manipulation_description -- -j12 -l12
[0.979s] Invoking command in '/home/akash/turtlebot3_ws/build/turtlebot3_manipulation_description': CMAKE_PREFIX_PATH=${CMAKE_PREFIX_PATH}:/home/akash/turtlebot3_ws/install/turtlebot_manipulator_control:/home/akash/turtlebot3_ws/install/turtlebot3_teleop:/home/akash/turtlebot3_ws/install/turtlebot3_example:/home/akash/turtlebot3_ws/install/move_forward:/opt/ros/humble /usr/bin/cmake --install /home/akash/turtlebot3_ws/build/turtlebot3_manipulation_description
[0.994s] -- Install configuration: ""
[0.995s] -- Execute custom install script
[0.995s] -- Up-to-date symlink: /home/akash/turtlebot3_ws/install/turtlebot3_manipulation_description/share/turtlebot3_manipulation_description/launch/model.launch.py
[0.995s] -- Up-to-date symlink: /home/akash/turtlebot3_ws/install/turtlebot3_manipulation_description/share/turtlebot3_manipulation_description/rviz/model.rviz
[0.995s] -- Up-to-date symlink: /home/akash/turtlebot3_ws/install/turtlebot3_manipulation_description/share/turtlebot3_manipulation_description/urdf/open_manipulator_x.urdf.xacro
[0.995s] -- Up-to-date symlink: /home/akash/turtlebot3_ws/install/turtlebot3_manipulation_description/share/turtlebot3_manipulation_description/urdf/turtlebot3_manipulation.urdf.xacro
[0.995s] -- Up-to-date symlink: /home/akash/turtlebot3_ws/install/turtlebot3_manipulation_description/share/turtlebot3_manipulation_description/urdf/turtlebot3_waffle_pi.urdf.xacro
[0.998s] -- Up-to-date symlink: /home/akash/turtlebot3_ws/install/turtlebot3_manipulation_description/share/turtlebot3_manipulation_description/gazebo/materials.xacro
[1.000s] -- Up-to-date symlink: /home/akash/turtlebot3_ws/install/turtlebot3_manipulation_description/share/turtlebot3_manipulation_description/gazebo/open_manipulator_x.gazebo.xacro
[1.000s] -- Up-to-date symlink: /home/akash/turtlebot3_ws/install/turtlebot3_manipulation_description/share/turtlebot3_manipulation_description/gazebo/turtlebot3_waffle_pi.gazebo.xacro
[1.000s] -- Up-to-date symlink: /home/akash/turtlebot3_ws/install/turtlebot3_manipulation_description/share/turtlebot3_manipulation_description/meshes/open_manipulator_x/gripper_left_palm.stl
[1.000s] -- Up-to-date symlink: /home/akash/turtlebot3_ws/install/turtlebot3_manipulation_description/share/turtlebot3_manipulation_description/meshes/open_manipulator_x/gripper_right_palm.stl
[1.000s] -- Up-to-date symlink: /home/akash/turtlebot3_ws/install/turtlebot3_manipulation_description/share/turtlebot3_manipulation_description/meshes/open_manipulator_x/link1.stl
[1.000s] -- Up-to-date symlink: /home/akash/turtlebot3_ws/install/turtlebot3_manipulation_description/share/turtlebot3_manipulation_description/meshes/open_manipulator_x/link2.stl
[1.000s] -- Up-to-date symlink: /home/akash/turtlebot3_ws/install/turtlebot3_manipulation_description/share/turtlebot3_manipulation_description/meshes/open_manipulator_x/link3.stl
[1.000s] -- Up-to-date symlink: /home/akash/turtlebot3_ws/install/turtlebot3_manipulation_description/share/turtlebot3_manipulation_description/meshes/open_manipulator_x/link4.stl
[1.000s] -- Up-to-date symlink: /home/akash/turtlebot3_ws/install/turtlebot3_manipulation_description/share/turtlebot3_manipulation_description/meshes/open_manipulator_x/link5.stl
[1.001s] -- Up-to-date symlink: /home/akash/turtlebot3_ws/install/turtlebot3_manipulation_description/share/turtlebot3_manipulation_description/meshes/turtlebot3_waffle_pi/base.stl
[1.001s] -- Up-to-date symlink: /home/akash/turtlebot3_ws/install/turtlebot3_manipulation_description/share/turtlebot3_manipulation_description/meshes/turtlebot3_waffle_pi/ladar.stl
[1.002s] -- Up-to-date symlink: /home/akash/turtlebot3_ws/install/turtlebot3_manipulation_description/share/turtlebot3_manipulation_description/meshes/turtlebot3_waffle_pi/left_tire.stl
[1.002s] -- Up-to-date symlink: /home/akash/turtlebot3_ws/install/turtlebot3_manipulation_description/share/turtlebot3_manipulation_description/meshes/turtlebot3_waffle_pi/right_tire.stl
[1.002s] -- Up-to-date symlink: /home/akash/turtlebot3_ws/install/turtlebot3_manipulation_description/share/turtlebot3_manipulation_description/ros2_control/turtlebot3_manipulation_system.ros2_control.xacro
[1.013s] -- Up-to-date symlink: /home/akash/turtlebot3_ws/install/turtlebot3_manipulation_description/share/turtlebot3_manipulation_description/environment/turtlebot3_manipulation_description.dsv
[1.013s] -- Up-to-date symlink: /home/akash/turtlebot3_ws/install/turtlebot3_manipulation_description/share/ament_index/resource_index/package_run_dependencies/turtlebot3_manipulation_description
[1.013s] -- Up-to-date symlink: /home/akash/turtlebot3_ws/install/turtlebot3_manipulation_description/share/ament_index/resource_index/parent_prefix_path/turtlebot3_manipulation_description
[1.013s] -- Up-to-date symlink: /home/akash/turtlebot3_ws/install/turtlebot3_manipulation_description/share/turtlebot3_manipulation_description/environment/ament_prefix_path.sh
[1.013s] -- Up-to-date symlink: /home/akash/turtlebot3_ws/install/turtlebot3_manipulation_description/share/turtlebot3_manipulation_description/environment/ament_prefix_path.dsv
[1.014s] -- Up-to-date symlink: /home/akash/turtlebot3_ws/install/turtlebot3_manipulation_description/share/turtlebot3_manipulation_description/environment/path.sh
[1.014s] -- Up-to-date symlink: /home/akash/turtlebot3_ws/install/turtlebot3_manipulation_description/share/turtlebot3_manipulation_description/environment/path.dsv
[1.014s] -- Up-to-date symlink: /home/akash/turtlebot3_ws/install/turtlebot3_manipulation_description/share/turtlebot3_manipulation_description/local_setup.bash
[1.014s] -- Up-to-date symlink: /home/akash/turtlebot3_ws/install/turtlebot3_manipulation_description/share/turtlebot3_manipulation_description/local_setup.sh
[1.014s] -- Up-to-date symlink: /home/akash/turtlebot3_ws/install/turtlebot3_manipulation_description/share/turtlebot3_manipulation_description/local_setup.zsh
[1.014s] -- Up-to-date symlink: /home/akash/turtlebot3_ws/install/turtlebot3_manipulation_description/share/turtlebot3_manipulation_description/local_setup.dsv
[1.022s] -- Symlinking: /home/akash/turtlebot3_ws/install/turtlebot3_manipulation_description/share/turtlebot3_manipulation_description/package.dsv
[1.033s] -- Up-to-date symlink: /home/akash/turtlebot3_ws/install/turtlebot3_manipulation_description/share/ament_index/resource_index/packages/turtlebot3_manipulation_description
[1.033s] -- Up-to-date symlink: /home/akash/turtlebot3_ws/install/turtlebot3_manipulation_description/share/turtlebot3_manipulation_description/cmake/turtlebot3_manipulation_descriptionConfig.cmake
[1.035s] -- Up-to-date symlink: /home/akash/turtlebot3_ws/install/turtlebot3_manipulation_description/share/turtlebot3_manipulation_description/cmake/turtlebot3_manipulation_descriptionConfig-version.cmake
[1.035s] -- Up-to-date symlink: /home/akash/turtlebot3_ws/install/turtlebot3_manipulation_description/share/turtlebot3_manipulation_description/package.xml
[1.051s] Invoked command in '/home/akash/turtlebot3_ws/build/turtlebot3_manipulation_description' returned '0': CMAKE_PREFIX_PATH=${CMAKE_PREFIX_PATH}:/home/akash/turtlebot3_ws/install/turtlebot_manipulator_control:/home/akash/turtlebot3_ws/install/turtlebot3_teleop:/home/akash/turtlebot3_ws/install/turtlebot3_example:/home/akash/turtlebot3_ws/install/move_forward:/opt/ros/humble /usr/bin/cmake --install /home/akash/turtlebot3_ws/build/turtlebot3_manipulation_description
