[0.376s] Invoking command in '/home/akash/turtlebot3_ws/build/turtlebot3_fake_node': CMAKE_PREFIX_PATH=/home/akash/turtlebot3_ws/install/turtlebot3_msgs:/home/akash/turtlebot3_ws/install/turtlebot3:/home/akash/turtlebot3_ws/install/turtlebot3_bringup:/home/akash/turtlebot3_ws/install/turtlebot3_node:/home/akash/turtlebot3_ws/install/turtlebot3_navigation2:/home/akash/turtlebot3_ws/install/turtlebot3_description:/home/akash/turtlebot3_ws/install/turtlebot3_cartographer:/home/akash/turtlebot3_ws/install/dynamixel_sdk_examples:/home/akash/turtlebot3_ws/install/dynamixel_sdk_custom_interfaces:/home/akash/turtlebot3_ws/install/dynamixel_sdk:/home/akash/pico_ws/install/whycon:/home/akash/pico_ws/install/swift_pico:/home/akash/pico_ws/install/rotors_swift_interface:/home/akash/pico_ws/install/swift_msgs:/home/akash/pico_ws/install/rotors_swift_gazebo:/home/akash/pico_ws/install/rotors_swift_description:/home/akash/pico_ws/install/rotors_control:/home/akash/pico_ws/install/pid_tune:/home/akash/pico_ws/install/pid_msg:/home/akash/pico_ws/install/mav_comm:/home/akash/pico_ws/install/mav_system_msgs:/home/akash/pico_ws/install/mav_state_machine_msgs:/home/akash/pico_ws/install/mav_planning_msgs:/home/akash/pico_ws/install/mav_msgs:/home/akash/turtlebot3_ws/install/turtlebot3_teleop:/home/akash/turtlebot3_ws/install/turtlebot3_example:/opt/ros/humble /usr/bin/cmake /home/akash/turtlebot3_ws/src/turtlebot3_simulations/turtlebot3_fake_node -DAMENT_CMAKE_SYMLINK_INSTALL=1 -DCMAKE_INSTALL_PREFIX=/home/akash/turtlebot3_ws/install/turtlebot3_fake_node
[0.450s] -- The C compiler identification is GNU 11.4.0
[0.545s] -- The CXX compiler identification is GNU 11.4.0
[0.559s] -- Detecting C compiler ABI info
[0.691s] -- Detecting C compiler ABI info - done
[0.708s] -- Check for working C compiler: /usr/bin/cc - skipped
[0.708s] -- Detecting C compile features
[0.709s] -- Detecting C compile features - done
[0.715s] -- Detecting CXX compiler ABI info
[0.821s] -- Detecting CXX compiler ABI info - done
[0.833s] -- Check for working CXX compiler: /usr/bin/c++ - skipped
[0.833s] -- Detecting CXX compile features
[0.834s] -- Detecting CXX compile features - done
[0.839s] -- Found ament_cmake: 1.3.10 (/opt/ros/humble/share/ament_cmake/cmake)
[1.070s] -- Found Python3: /usr/bin/python3 (found version "3.10.12") found components: Interpreter 
[1.162s] -- Override CMake install command with custom implementation using symlinks instead of copying resources
[1.258s] -- Found geometry_msgs: 4.2.4 (/opt/ros/humble/share/geometry_msgs/cmake)
[1.385s] -- Found rosidl_generator_c: 3.1.5 (/opt/ros/humble/share/rosidl_generator_c/cmake)
[1.407s] -- Found rosidl_adapter: 3.1.5 (/opt/ros/humble/share/rosidl_adapter/cmake)
[1.436s] -- Found rosidl_generator_cpp: 3.1.5 (/opt/ros/humble/share/rosidl_generator_cpp/cmake)
[1.476s] -- Using all available rosidl_typesupport_c: rosidl_typesupport_fastrtps_c;rosidl_typesupport_introspection_c
[1.512s] -- Using all available rosidl_typesupport_cpp: rosidl_typesupport_fastrtps_cpp;rosidl_typesupport_introspection_cpp
[1.573s] -- Found nav_msgs: 4.2.4 (/opt/ros/humble/share/nav_msgs/cmake)
[1.599s] -- Found rclcpp: 16.0.10 (/opt/ros/humble/share/rclcpp/cmake)
[1.679s] -- Found rmw_implementation_cmake: 6.1.2 (/opt/ros/humble/share/rmw_implementation_cmake/cmake)
[1.686s] -- Found rmw_fastrtps_cpp: 6.2.7 (/opt/ros/humble/share/rmw_fastrtps_cpp/cmake)
[1.844s] -- Found OpenSSL: /usr/lib/x86_64-linux-gnu/libcrypto.so (found version "3.0.2")  
[1.913s] -- Found FastRTPS: /opt/ros/humble/include  
[1.982s] -- Using RMW implementation 'rmw_fastrtps_cpp' as default
[2.000s] -- Looking for pthread.h
[2.098s] -- Looking for pthread.h - found
[2.098s] -- Performing Test CMAKE_HAVE_LIBC_PTHREAD
[2.198s] -- Performing Test CMAKE_HAVE_LIBC_PTHREAD - Success
[2.200s] -- Found Threads: TRUE  
[2.269s] -- Found sensor_msgs: 4.2.4 (/opt/ros/humble/share/sensor_msgs/cmake)
[2.296s] -- Found tf2: 0.25.7 (/opt/ros/humble/share/tf2/cmake)
[2.316s] -- Found tf2_msgs: 0.25.7 (/opt/ros/humble/share/tf2_msgs/cmake)
[2.381s] -- Found turtlebot3_msgs: 2.2.3 (/home/akash/turtlebot3_ws/install/turtlebot3_msgs/share/turtlebot3_msgs/cmake)
[2.514s] -- Configuring done
[2.528s] -- Generating done
[2.529s] -- Build files have been written to: /home/akash/turtlebot3_ws/build/turtlebot3_fake_node
[2.543s] Invoked command in '/home/akash/turtlebot3_ws/build/turtlebot3_fake_node' returned '0': CMAKE_PREFIX_PATH=/home/akash/turtlebot3_ws/install/turtlebot3_msgs:/home/akash/turtlebot3_ws/install/turtlebot3:/home/akash/turtlebot3_ws/install/turtlebot3_bringup:/home/akash/turtlebot3_ws/install/turtlebot3_node:/home/akash/turtlebot3_ws/install/turtlebot3_navigation2:/home/akash/turtlebot3_ws/install/turtlebot3_description:/home/akash/turtlebot3_ws/install/turtlebot3_cartographer:/home/akash/turtlebot3_ws/install/dynamixel_sdk_examples:/home/akash/turtlebot3_ws/install/dynamixel_sdk_custom_interfaces:/home/akash/turtlebot3_ws/install/dynamixel_sdk:/home/akash/pico_ws/install/whycon:/home/akash/pico_ws/install/swift_pico:/home/akash/pico_ws/install/rotors_swift_interface:/home/akash/pico_ws/install/swift_msgs:/home/akash/pico_ws/install/rotors_swift_gazebo:/home/akash/pico_ws/install/rotors_swift_description:/home/akash/pico_ws/install/rotors_control:/home/akash/pico_ws/install/pid_tune:/home/akash/pico_ws/install/pid_msg:/home/akash/pico_ws/install/mav_comm:/home/akash/pico_ws/install/mav_system_msgs:/home/akash/pico_ws/install/mav_state_machine_msgs:/home/akash/pico_ws/install/mav_planning_msgs:/home/akash/pico_ws/install/mav_msgs:/home/akash/turtlebot3_ws/install/turtlebot3_teleop:/home/akash/turtlebot3_ws/install/turtlebot3_example:/opt/ros/humble /usr/bin/cmake /home/akash/turtlebot3_ws/src/turtlebot3_simulations/turtlebot3_fake_node -DAMENT_CMAKE_SYMLINK_INSTALL=1 -DCMAKE_INSTALL_PREFIX=/home/akash/turtlebot3_ws/install/turtlebot3_fake_node
[2.546s] Invoking command in '/home/akash/turtlebot3_ws/build/turtlebot3_fake_node': CMAKE_PREFIX_PATH=/home/akash/turtlebot3_ws/install/turtlebot3_msgs:/home/akash/turtlebot3_ws/install/turtlebot3:/home/akash/turtlebot3_ws/install/turtlebot3_bringup:/home/akash/turtlebot3_ws/install/turtlebot3_node:/home/akash/turtlebot3_ws/install/turtlebot3_navigation2:/home/akash/turtlebot3_ws/install/turtlebot3_description:/home/akash/turtlebot3_ws/install/turtlebot3_cartographer:/home/akash/turtlebot3_ws/install/dynamixel_sdk_examples:/home/akash/turtlebot3_ws/install/dynamixel_sdk_custom_interfaces:/home/akash/turtlebot3_ws/install/dynamixel_sdk:/home/akash/pico_ws/install/whycon:/home/akash/pico_ws/install/swift_pico:/home/akash/pico_ws/install/rotors_swift_interface:/home/akash/pico_ws/install/swift_msgs:/home/akash/pico_ws/install/rotors_swift_gazebo:/home/akash/pico_ws/install/rotors_swift_description:/home/akash/pico_ws/install/rotors_control:/home/akash/pico_ws/install/pid_tune:/home/akash/pico_ws/install/pid_msg:/home/akash/pico_ws/install/mav_comm:/home/akash/pico_ws/install/mav_system_msgs:/home/akash/pico_ws/install/mav_state_machine_msgs:/home/akash/pico_ws/install/mav_planning_msgs:/home/akash/pico_ws/install/mav_msgs:/home/akash/turtlebot3_ws/install/turtlebot3_teleop:/home/akash/turtlebot3_ws/install/turtlebot3_example:/opt/ros/humble /usr/bin/cmake --build /home/akash/turtlebot3_ws/build/turtlebot3_fake_node -- -j12 -l12
[2.613s] [ 50%] [32mBuilding CXX object CMakeFiles/turtlebot3_fake_node.dir/src/turtlebot3_fake_node.cpp.o[0m
[14.882s] [100%] [32m[1mLinking CXX executable turtlebot3_fake_node[0m
[15.594s] [100%] Built target turtlebot3_fake_node
[15.608s] Invoked command in '/home/akash/turtlebot3_ws/build/turtlebot3_fake_node' returned '0': CMAKE_PREFIX_PATH=/home/akash/turtlebot3_ws/install/turtlebot3_msgs:/home/akash/turtlebot3_ws/install/turtlebot3:/home/akash/turtlebot3_ws/install/turtlebot3_bringup:/home/akash/turtlebot3_ws/install/turtlebot3_node:/home/akash/turtlebot3_ws/install/turtlebot3_navigation2:/home/akash/turtlebot3_ws/install/turtlebot3_description:/home/akash/turtlebot3_ws/install/turtlebot3_cartographer:/home/akash/turtlebot3_ws/install/dynamixel_sdk_examples:/home/akash/turtlebot3_ws/install/dynamixel_sdk_custom_interfaces:/home/akash/turtlebot3_ws/install/dynamixel_sdk:/home/akash/pico_ws/install/whycon:/home/akash/pico_ws/install/swift_pico:/home/akash/pico_ws/install/rotors_swift_interface:/home/akash/pico_ws/install/swift_msgs:/home/akash/pico_ws/install/rotors_swift_gazebo:/home/akash/pico_ws/install/rotors_swift_description:/home/akash/pico_ws/install/rotors_control:/home/akash/pico_ws/install/pid_tune:/home/akash/pico_ws/install/pid_msg:/home/akash/pico_ws/install/mav_comm:/home/akash/pico_ws/install/mav_system_msgs:/home/akash/pico_ws/install/mav_state_machine_msgs:/home/akash/pico_ws/install/mav_planning_msgs:/home/akash/pico_ws/install/mav_msgs:/home/akash/turtlebot3_ws/install/turtlebot3_teleop:/home/akash/turtlebot3_ws/install/turtlebot3_example:/opt/ros/humble /usr/bin/cmake --build /home/akash/turtlebot3_ws/build/turtlebot3_fake_node -- -j12 -l12
[15.645s] Invoking command in '/home/akash/turtlebot3_ws/build/turtlebot3_fake_node': CMAKE_PREFIX_PATH=/home/akash/turtlebot3_ws/install/turtlebot3_msgs:/home/akash/turtlebot3_ws/install/turtlebot3:/home/akash/turtlebot3_ws/install/turtlebot3_bringup:/home/akash/turtlebot3_ws/install/turtlebot3_node:/home/akash/turtlebot3_ws/install/turtlebot3_navigation2:/home/akash/turtlebot3_ws/install/turtlebot3_description:/home/akash/turtlebot3_ws/install/turtlebot3_cartographer:/home/akash/turtlebot3_ws/install/dynamixel_sdk_examples:/home/akash/turtlebot3_ws/install/dynamixel_sdk_custom_interfaces:/home/akash/turtlebot3_ws/install/dynamixel_sdk:/home/akash/pico_ws/install/whycon:/home/akash/pico_ws/install/swift_pico:/home/akash/pico_ws/install/rotors_swift_interface:/home/akash/pico_ws/install/swift_msgs:/home/akash/pico_ws/install/rotors_swift_gazebo:/home/akash/pico_ws/install/rotors_swift_description:/home/akash/pico_ws/install/rotors_control:/home/akash/pico_ws/install/pid_tune:/home/akash/pico_ws/install/pid_msg:/home/akash/pico_ws/install/mav_comm:/home/akash/pico_ws/install/mav_system_msgs:/home/akash/pico_ws/install/mav_state_machine_msgs:/home/akash/pico_ws/install/mav_planning_msgs:/home/akash/pico_ws/install/mav_msgs:/home/akash/turtlebot3_ws/install/turtlebot3_teleop:/home/akash/turtlebot3_ws/install/turtlebot3_example:/opt/ros/humble /usr/bin/cmake --install /home/akash/turtlebot3_ws/build/turtlebot3_fake_node
[15.655s] -- Install configuration: ""
[15.655s] -- Execute custom install script
[15.655s] -- Symlinking: /home/akash/turtlebot3_ws/install/turtlebot3_fake_node/lib/turtlebot3_fake_node/turtlebot3_fake_node
[15.667s] -- Symlinking: /home/akash/turtlebot3_ws/install/turtlebot3_fake_node/share/turtlebot3_fake_node/launch/rviz2.launch.py
[15.679s] -- Symlinking: /home/akash/turtlebot3_ws/install/turtlebot3_fake_node/share/turtlebot3_fake_node/launch/turtlebot3_fake_node.launch.py
[15.691s] -- Symlinking: /home/akash/turtlebot3_ws/install/turtlebot3_fake_node/share/turtlebot3_fake_node/param/burger.yaml
[15.702s] -- Symlinking: /home/akash/turtlebot3_ws/install/turtlebot3_fake_node/share/turtlebot3_fake_node/param/waffle.yaml
[15.714s] -- Symlinking: /home/akash/turtlebot3_ws/install/turtlebot3_fake_node/share/turtlebot3_fake_node/param/waffle_pi.yaml
[15.725s] -- Symlinking: /home/akash/turtlebot3_ws/install/turtlebot3_fake_node/include//turtlebot3_fake_node/turtlebot3_fake_node.hpp
[15.737s] -- Symlinking: /home/akash/turtlebot3_ws/install/turtlebot3_fake_node/share/ament_index/resource_index/package_run_dependencies/turtlebot3_fake_node
[15.749s] -- Symlinking: /home/akash/turtlebot3_ws/install/turtlebot3_fake_node/share/ament_index/resource_index/parent_prefix_path/turtlebot3_fake_node
[15.760s] -- Symlinking: /home/akash/turtlebot3_ws/install/turtlebot3_fake_node/share/turtlebot3_fake_node/environment/ament_prefix_path.sh
[15.771s] -- Symlinking: /home/akash/turtlebot3_ws/install/turtlebot3_fake_node/share/turtlebot3_fake_node/environment/ament_prefix_path.dsv
[15.782s] -- Symlinking: /home/akash/turtlebot3_ws/install/turtlebot3_fake_node/share/turtlebot3_fake_node/environment/path.sh
[15.793s] -- Symlinking: /home/akash/turtlebot3_ws/install/turtlebot3_fake_node/share/turtlebot3_fake_node/environment/path.dsv
[15.805s] -- Symlinking: /home/akash/turtlebot3_ws/install/turtlebot3_fake_node/share/turtlebot3_fake_node/local_setup.bash
[15.816s] -- Symlinking: /home/akash/turtlebot3_ws/install/turtlebot3_fake_node/share/turtlebot3_fake_node/local_setup.sh
[15.828s] -- Symlinking: /home/akash/turtlebot3_ws/install/turtlebot3_fake_node/share/turtlebot3_fake_node/local_setup.zsh
[15.840s] -- Symlinking: /home/akash/turtlebot3_ws/install/turtlebot3_fake_node/share/turtlebot3_fake_node/local_setup.dsv
[15.852s] -- Symlinking: /home/akash/turtlebot3_ws/install/turtlebot3_fake_node/share/turtlebot3_fake_node/package.dsv
[15.864s] -- Symlinking: /home/akash/turtlebot3_ws/install/turtlebot3_fake_node/share/ament_index/resource_index/packages/turtlebot3_fake_node
[15.877s] -- Symlinking: /home/akash/turtlebot3_ws/install/turtlebot3_fake_node/share/turtlebot3_fake_node/cmake/ament_cmake_export_include_directories-extras.cmake
[15.894s] -- Symlinking: /home/akash/turtlebot3_ws/install/turtlebot3_fake_node/share/turtlebot3_fake_node/cmake/ament_cmake_export_dependencies-extras.cmake
[15.913s] -- Symlinking: /home/akash/turtlebot3_ws/install/turtlebot3_fake_node/share/turtlebot3_fake_node/cmake/turtlebot3_fake_nodeConfig.cmake
[15.928s] -- Symlinking: /home/akash/turtlebot3_ws/install/turtlebot3_fake_node/share/turtlebot3_fake_node/cmake/turtlebot3_fake_nodeConfig-version.cmake
[15.944s] -- Symlinking: /home/akash/turtlebot3_ws/install/turtlebot3_fake_node/share/turtlebot3_fake_node/package.xml
[15.963s] Invoked command in '/home/akash/turtlebot3_ws/build/turtlebot3_fake_node' returned '0': CMAKE_PREFIX_PATH=/home/akash/turtlebot3_ws/install/turtlebot3_msgs:/home/akash/turtlebot3_ws/install/turtlebot3:/home/akash/turtlebot3_ws/install/turtlebot3_bringup:/home/akash/turtlebot3_ws/install/turtlebot3_node:/home/akash/turtlebot3_ws/install/turtlebot3_navigation2:/home/akash/turtlebot3_ws/install/turtlebot3_description:/home/akash/turtlebot3_ws/install/turtlebot3_cartographer:/home/akash/turtlebot3_ws/install/dynamixel_sdk_examples:/home/akash/turtlebot3_ws/install/dynamixel_sdk_custom_interfaces:/home/akash/turtlebot3_ws/install/dynamixel_sdk:/home/akash/pico_ws/install/whycon:/home/akash/pico_ws/install/swift_pico:/home/akash/pico_ws/install/rotors_swift_interface:/home/akash/pico_ws/install/swift_msgs:/home/akash/pico_ws/install/rotors_swift_gazebo:/home/akash/pico_ws/install/rotors_swift_description:/home/akash/pico_ws/install/rotors_control:/home/akash/pico_ws/install/pid_tune:/home/akash/pico_ws/install/pid_msg:/home/akash/pico_ws/install/mav_comm:/home/akash/pico_ws/install/mav_system_msgs:/home/akash/pico_ws/install/mav_state_machine_msgs:/home/akash/pico_ws/install/mav_planning_msgs:/home/akash/pico_ws/install/mav_msgs:/home/akash/turtlebot3_ws/install/turtlebot3_teleop:/home/akash/turtlebot3_ws/install/turtlebot3_example:/opt/ros/humble /usr/bin/cmake --install /home/akash/turtlebot3_ws/build/turtlebot3_fake_node
