running egg_info
creating ../../build/move_forward/move_forward.egg-info
writing ../../build/move_forward/move_forward.egg-info/PKG-INFO
writing dependency_links to ../../build/move_forward/move_forward.egg-info/dependency_links.txt
writing entry points to ../../build/move_forward/move_forward.egg-info/entry_points.txt
writing requirements to ../../build/move_forward/move_forward.egg-info/requires.txt
writing top-level names to ../../build/move_forward/move_forward.egg-info/top_level.txt
writing manifest file '../../build/move_forward/move_forward.egg-info/SOURCES.txt'
reading manifest file '../../build/move_forward/move_forward.egg-info/SOURCES.txt'
writing manifest file '../../build/move_forward/move_forward.egg-info/SOURCES.txt'
running build
running build_py
creating /home/akash/turtlebot3_ws/build/move_forward/build
creating /home/akash/turtlebot3_ws/build/move_forward/build/lib
creating /home/akash/turtlebot3_ws/build/move_forward/build/lib/move_forward
copying move_forward/move_forward.py -> /home/akash/turtlebot3_ws/build/move_forward/build/lib/move_forward
copying move_forward/__init__.py -> /home/akash/turtlebot3_ws/build/move_forward/build/lib/move_forward
running install
running install_lib
creating /home/akash/turtlebot3_ws/install/move_forward/lib/python3.10/site-packages/move_forward
copying /home/akash/turtlebot3_ws/build/move_forward/build/lib/move_forward/move_forward.py -> /home/akash/turtlebot3_ws/install/move_forward/lib/python3.10/site-packages/move_forward
copying /home/akash/turtlebot3_ws/build/move_forward/build/lib/move_forward/__init__.py -> /home/akash/turtlebot3_ws/install/move_forward/lib/python3.10/site-packages/move_forward
byte-compiling /home/akash/turtlebot3_ws/install/move_forward/lib/python3.10/site-packages/move_forward/move_forward.py to move_forward.cpython-310.pyc
byte-compiling /home/akash/turtlebot3_ws/install/move_forward/lib/python3.10/site-packages/move_forward/__init__.py to __init__.cpython-310.pyc
running install_data
creating /home/akash/turtlebot3_ws/install/move_forward/share/ament_index
creating /home/akash/turtlebot3_ws/install/move_forward/share/ament_index/resource_index
creating /home/akash/turtlebot3_ws/install/move_forward/share/ament_index/resource_index/packages
copying resource/move_forward -> /home/akash/turtlebot3_ws/install/move_forward/share/ament_index/resource_index/packages
copying package.xml -> /home/akash/turtlebot3_ws/install/move_forward/share/move_forward
running install_egg_info
Copying ../../build/move_forward/move_forward.egg-info to /home/akash/turtlebot3_ws/install/move_forward/lib/python3.10/site-packages/move_forward-0.0.0-py3.10.egg-info
running install_scripts
Installing move_forward script to /home/akash/turtlebot3_ws/install/move_forward/lib/move_forward
writing list of installed files to '/home/akash/turtlebot3_ws/build/move_forward/install.log'
