[1.936s] Invoking command in '/home/akash/turtlebot3_ws/src/move_forward': PYTHONPATH=/home/akash/turtlebot3_ws/build/move_forward/prefix_override:/usr/lib/python3/dist-packages/colcon_core/task/python/colcon_distutils_commands:/home/akash/turtlebot3_ws/install/move_forward/lib/python3.10/site-packages:${PYTHONPATH} /usr/bin/python3 -W ignore:setup.py install is deprecated setup.py egg_info --egg-base ../../build/move_forward build --build-base /home/akash/turtlebot3_ws/build/move_forward/build install --record /home/akash/turtlebot3_ws/build/move_forward/install.log --single-version-externally-managed install_data
[2.455s] running egg_info
[2.457s] creating ../../build/move_forward/move_forward.egg-info
[2.457s] writing ../../build/move_forward/move_forward.egg-info/PKG-INFO
[2.457s] writing dependency_links to ../../build/move_forward/move_forward.egg-info/dependency_links.txt
[2.458s] writing entry points to ../../build/move_forward/move_forward.egg-info/entry_points.txt
[2.458s] writing requirements to ../../build/move_forward/move_forward.egg-info/requires.txt
[2.458s] writing top-level names to ../../build/move_forward/move_forward.egg-info/top_level.txt
[2.458s] writing manifest file '../../build/move_forward/move_forward.egg-info/SOURCES.txt'
[2.460s] reading manifest file '../../build/move_forward/move_forward.egg-info/SOURCES.txt'
[2.461s] writing manifest file '../../build/move_forward/move_forward.egg-info/SOURCES.txt'
[2.461s] running build
[2.461s] running build_py
[2.461s] creating /home/akash/turtlebot3_ws/build/move_forward/build
[2.462s] creating /home/akash/turtlebot3_ws/build/move_forward/build/lib
[2.462s] creating /home/akash/turtlebot3_ws/build/move_forward/build/lib/move_forward
[2.462s] copying move_forward/move_forward.py -> /home/akash/turtlebot3_ws/build/move_forward/build/lib/move_forward
[2.462s] copying move_forward/__init__.py -> /home/akash/turtlebot3_ws/build/move_forward/build/lib/move_forward
[2.462s] running install
[2.462s] running install_lib
[2.463s] creating /home/akash/turtlebot3_ws/install/move_forward/lib/python3.10/site-packages/move_forward
[2.464s] copying /home/akash/turtlebot3_ws/build/move_forward/build/lib/move_forward/move_forward.py -> /home/akash/turtlebot3_ws/install/move_forward/lib/python3.10/site-packages/move_forward
[2.464s] copying /home/akash/turtlebot3_ws/build/move_forward/build/lib/move_forward/__init__.py -> /home/akash/turtlebot3_ws/install/move_forward/lib/python3.10/site-packages/move_forward
[2.464s] byte-compiling /home/akash/turtlebot3_ws/install/move_forward/lib/python3.10/site-packages/move_forward/move_forward.py to move_forward.cpython-310.pyc
[2.465s] byte-compiling /home/akash/turtlebot3_ws/install/move_forward/lib/python3.10/site-packages/move_forward/__init__.py to __init__.cpython-310.pyc
[2.466s] running install_data
[2.466s] creating /home/akash/turtlebot3_ws/install/move_forward/share/ament_index
[2.466s] creating /home/akash/turtlebot3_ws/install/move_forward/share/ament_index/resource_index
[2.466s] creating /home/akash/turtlebot3_ws/install/move_forward/share/ament_index/resource_index/packages
[2.466s] copying resource/move_forward -> /home/akash/turtlebot3_ws/install/move_forward/share/ament_index/resource_index/packages
[2.466s] copying package.xml -> /home/akash/turtlebot3_ws/install/move_forward/share/move_forward
[2.467s] running install_egg_info
[2.469s] Copying ../../build/move_forward/move_forward.egg-info to /home/akash/turtlebot3_ws/install/move_forward/lib/python3.10/site-packages/move_forward-0.0.0-py3.10.egg-info
[2.470s] running install_scripts
[2.511s] Installing move_forward script to /home/akash/turtlebot3_ws/install/move_forward/lib/move_forward
[2.512s] writing list of installed files to '/home/akash/turtlebot3_ws/build/move_forward/install.log'
[2.555s] Invoked command in '/home/akash/turtlebot3_ws/src/move_forward' returned '0': PYTHONPATH=/home/akash/turtlebot3_ws/build/move_forward/prefix_override:/usr/lib/python3/dist-packages/colcon_core/task/python/colcon_distutils_commands:/home/akash/turtlebot3_ws/install/move_forward/lib/python3.10/site-packages:${PYTHONPATH} /usr/bin/python3 -W ignore:setup.py install is deprecated setup.py egg_info --egg-base ../../build/move_forward build --build-base /home/akash/turtlebot3_ws/build/move_forward/build install --record /home/akash/turtlebot3_ws/build/move_forward/install.log --single-version-externally-managed install_data
