[0.017s] Invoking command in '/home/akash/turtlebot3_ws/build/turtlebot3_node': AMENT_PREFIX_PATH=/home/akash/turtlebot3_ws/install/turtlebot3_msgs:/home/akash/turtlebot3_ws/install/dynamixel_sdk:${AMENT_PREFIX_PATH} CMAKE_PREFIX_PATH=/home/akash/turtlebot3_ws/install/turtlebot3_msgs:/home/akash/turtlebot3_ws/install/dynamixel_sdk:/home/akash/pico_ws/install/whycon:/home/akash/pico_ws/install/swift_pico:/home/akash/pico_ws/install/rotors_swift_interface:/home/akash/pico_ws/install/swift_msgs:/home/akash/pico_ws/install/rotors_swift_gazebo:/home/akash/pico_ws/install/rotors_swift_description:/home/akash/pico_ws/install/rotors_control:/home/akash/pico_ws/install/pid_tune:/home/akash/pico_ws/install/pid_msg:/home/akash/pico_ws/install/mav_comm:/home/akash/pico_ws/install/mav_system_msgs:/home/akash/pico_ws/install/mav_state_machine_msgs:/home/akash/pico_ws/install/mav_planning_msgs:/home/akash/pico_ws/install/mav_msgs:/opt/ros/humble LD_LIBRARY_PATH=/home/akash/turtlebot3_ws/install/turtlebot3_msgs/lib:/home/akash/turtlebot3_ws/install/dynamixel_sdk/lib:${LD_LIBRARY_PATH} PYTHONPATH=/home/akash/turtlebot3_ws/install/turtlebot3_msgs/local/lib/python3.10/dist-packages:${PYTHONPATH} /usr/bin/cmake /home/akash/turtlebot3_ws/src/turtlebot3/turtlebot3_node -DAMENT_CMAKE_SYMLINK_INSTALL=1 -DCMAKE_INSTALL_PREFIX=/home/akash/turtlebot3_ws/install/turtlebot3_node
[0.082s] -- The C compiler identification is GNU 11.4.0
[0.146s] -- The CXX compiler identification is GNU 11.4.0
[0.155s] -- Detecting C compiler ABI info
[0.236s] -- Detecting C compiler ABI info - done
[0.244s] -- Check for working C compiler: /usr/bin/cc - skipped
[0.244s] -- Detecting C compile features
[0.244s] -- Detecting C compile features - done
[0.248s] -- Detecting CXX compiler ABI info
[0.340s] -- Detecting CXX compiler ABI info - done
[0.349s] -- Check for working CXX compiler: /usr/bin/c++ - skipped
[0.349s] -- Detecting CXX compile features
[0.349s] -- Detecting CXX compile features - done
[0.353s] -- Found ament_cmake: 1.3.10 (/opt/ros/humble/share/ament_cmake/cmake)
[0.537s] -- Found Python3: /usr/bin/python3 (found version "3.10.12") found components: Interpreter 
[0.608s] -- Override CMake install command with custom implementation using symlinks instead of copying resources
[0.652s] -- Found dynamixel_sdk: 3.7.60 (/home/akash/turtlebot3_ws/install/dynamixel_sdk/share/dynamixel_sdk/cmake)
[0.662s] -- Found geometry_msgs: 4.2.4 (/opt/ros/humble/share/geometry_msgs/cmake)
[0.713s] -- Found rosidl_generator_c: 3.1.5 (/opt/ros/humble/share/rosidl_generator_c/cmake)
[0.721s] -- Found rosidl_adapter: 3.1.5 (/opt/ros/humble/share/rosidl_adapter/cmake)
[0.733s] -- Found rosidl_generator_cpp: 3.1.5 (/opt/ros/humble/share/rosidl_generator_cpp/cmake)
[0.749s] -- Using all available rosidl_typesupport_c: rosidl_typesupport_fastrtps_c;rosidl_typesupport_introspection_c
[0.769s] -- Using all available rosidl_typesupport_cpp: rosidl_typesupport_fastrtps_cpp;rosidl_typesupport_introspection_cpp
[0.824s] -- Found message_filters: 4.3.5 (/opt/ros/humble/share/message_filters/cmake)
[0.883s] -- Found rmw_implementation_cmake: 6.1.2 (/opt/ros/humble/share/rmw_implementation_cmake/cmake)
[0.887s] -- Found rmw_fastrtps_cpp: 6.2.7 (/opt/ros/humble/share/rmw_fastrtps_cpp/cmake)
[1.003s] -- Found OpenSSL: /usr/lib/x86_64-linux-gnu/libcrypto.so (found version "3.0.2")  
[1.041s] -- Found FastRTPS: /opt/ros/humble/include  
[1.095s] -- Using RMW implementation 'rmw_fastrtps_cpp' as default
[1.107s] -- Looking for pthread.h
[1.193s] -- Looking for pthread.h - found
[1.193s] -- Performing Test CMAKE_HAVE_LIBC_PTHREAD
[1.280s] -- Performing Test CMAKE_HAVE_LIBC_PTHREAD - Success
[1.281s] -- Found Threads: TRUE  
[1.330s] -- Found nav_msgs: 4.2.4 (/opt/ros/humble/share/nav_msgs/cmake)
[1.354s] -- Found sensor_msgs: 4.2.4 (/opt/ros/humble/share/sensor_msgs/cmake)
[1.379s] -- Found std_srvs: 4.2.4 (/opt/ros/humble/share/std_srvs/cmake)
[1.397s] -- Found tf2: 0.25.7 (/opt/ros/humble/share/tf2/cmake)
[1.414s] -- Found tf2_ros: 0.25.7 (/opt/ros/humble/share/tf2_ros/cmake)
[1.517s] -- Found turtlebot3_msgs: 2.2.3 (/home/akash/turtlebot3_ws/install/turtlebot3_msgs/share/turtlebot3_msgs/cmake)
[1.618s] -- Configuring done
[1.637s] -- Generating done
[1.639s] -- Build files have been written to: /home/akash/turtlebot3_ws/build/turtlebot3_node
[1.653s] Invoked command in '/home/akash/turtlebot3_ws/build/turtlebot3_node' returned '0': AMENT_PREFIX_PATH=/home/akash/turtlebot3_ws/install/turtlebot3_msgs:/home/akash/turtlebot3_ws/install/dynamixel_sdk:${AMENT_PREFIX_PATH} CMAKE_PREFIX_PATH=/home/akash/turtlebot3_ws/install/turtlebot3_msgs:/home/akash/turtlebot3_ws/install/dynamixel_sdk:/home/akash/pico_ws/install/whycon:/home/akash/pico_ws/install/swift_pico:/home/akash/pico_ws/install/rotors_swift_interface:/home/akash/pico_ws/install/swift_msgs:/home/akash/pico_ws/install/rotors_swift_gazebo:/home/akash/pico_ws/install/rotors_swift_description:/home/akash/pico_ws/install/rotors_control:/home/akash/pico_ws/install/pid_tune:/home/akash/pico_ws/install/pid_msg:/home/akash/pico_ws/install/mav_comm:/home/akash/pico_ws/install/mav_system_msgs:/home/akash/pico_ws/install/mav_state_machine_msgs:/home/akash/pico_ws/install/mav_planning_msgs:/home/akash/pico_ws/install/mav_msgs:/opt/ros/humble LD_LIBRARY_PATH=/home/akash/turtlebot3_ws/install/turtlebot3_msgs/lib:/home/akash/turtlebot3_ws/install/dynamixel_sdk/lib:${LD_LIBRARY_PATH} PYTHONPATH=/home/akash/turtlebot3_ws/install/turtlebot3_msgs/local/lib/python3.10/dist-packages:${PYTHONPATH} /usr/bin/cmake /home/akash/turtlebot3_ws/src/turtlebot3/turtlebot3_node -DAMENT_CMAKE_SYMLINK_INSTALL=1 -DCMAKE_INSTALL_PREFIX=/home/akash/turtlebot3_ws/install/turtlebot3_node
[1.656s] Invoking command in '/home/akash/turtlebot3_ws/build/turtlebot3_node': AMENT_PREFIX_PATH=/home/akash/turtlebot3_ws/install/turtlebot3_msgs:/home/akash/turtlebot3_ws/install/dynamixel_sdk:${AMENT_PREFIX_PATH} CMAKE_PREFIX_PATH=/home/akash/turtlebot3_ws/install/turtlebot3_msgs:/home/akash/turtlebot3_ws/install/dynamixel_sdk:/home/akash/pico_ws/install/whycon:/home/akash/pico_ws/install/swift_pico:/home/akash/pico_ws/install/rotors_swift_interface:/home/akash/pico_ws/install/swift_msgs:/home/akash/pico_ws/install/rotors_swift_gazebo:/home/akash/pico_ws/install/rotors_swift_description:/home/akash/pico_ws/install/rotors_control:/home/akash/pico_ws/install/pid_tune:/home/akash/pico_ws/install/pid_msg:/home/akash/pico_ws/install/mav_comm:/home/akash/pico_ws/install/mav_system_msgs:/home/akash/pico_ws/install/mav_state_machine_msgs:/home/akash/pico_ws/install/mav_planning_msgs:/home/akash/pico_ws/install/mav_msgs:/opt/ros/humble LD_LIBRARY_PATH=/home/akash/turtlebot3_ws/install/turtlebot3_msgs/lib:/home/akash/turtlebot3_ws/install/dynamixel_sdk/lib:${LD_LIBRARY_PATH} PYTHONPATH=/home/akash/turtlebot3_ws/install/turtlebot3_msgs/local/lib/python3.10/dist-packages:${PYTHONPATH} /usr/bin/cmake --build /home/akash/turtlebot3_ws/build/turtlebot3_node -- -j12 -l12
[1.720s] [  7%] [32mBuilding CXX object CMakeFiles/turtlebot3_node_lib.dir/src/devices/motor_power.cpp.o[0m
[1.720s] [ 14%] [32mBuilding CXX object CMakeFiles/turtlebot3_node_lib.dir/src/devices/reset.cpp.o[0m
[1.720s] [ 42%] [32mBuilding CXX object CMakeFiles/turtlebot3_node_lib.dir/src/dynamixel_sdk_wrapper.cpp.o[0m
[1.721s] [ 42%] [32mBuilding CXX object CMakeFiles/turtlebot3_node_lib.dir/src/devices/sound.cpp.o[0m
[1.721s] [ 42%] [32mBuilding CXX object CMakeFiles/turtlebot3_node_lib.dir/src/diff_drive_controller.cpp.o[0m
[1.721s] [ 42%] [32mBuilding CXX object CMakeFiles/turtlebot3_node_lib.dir/src/sensors/battery_state.cpp.o[0m
[1.721s] [ 50%] [32mBuilding CXX object CMakeFiles/turtlebot3_node_lib.dir/src/odometry.cpp.o[0m
[1.721s] [ 57%] [32mBuilding CXX object CMakeFiles/turtlebot3_node_lib.dir/src/turtlebot3.cpp.o[0m
[1.721s] [ 64%] [32mBuilding CXX object CMakeFiles/turtlebot3_node_lib.dir/src/sensors/imu.cpp.o[0m
[1.721s] [ 71%] [32mBuilding CXX object CMakeFiles/turtlebot3_node_lib.dir/src/sensors/sensor_state.cpp.o[0m
[1.722s] [ 78%] [32mBuilding CXX object CMakeFiles/turtlebot3_node_lib.dir/src/sensors/joint_state.cpp.o[0m
[19.473s] [ 85%] [32m[1mLinking CXX static library libturtlebot3_node_lib.a[0m
[19.896s] [ 85%] Built target turtlebot3_node_lib
[19.917s] [ 92%] [32mBuilding CXX object CMakeFiles/turtlebot3_ros.dir/src/node_main.cpp.o[0m
[22.837s] [100%] [32m[1mLinking CXX executable turtlebot3_ros[0m
[24.523s] [100%] Built target turtlebot3_ros
[24.534s] Invoked command in '/home/akash/turtlebot3_ws/build/turtlebot3_node' returned '0': AMENT_PREFIX_PATH=/home/akash/turtlebot3_ws/install/turtlebot3_msgs:/home/akash/turtlebot3_ws/install/dynamixel_sdk:${AMENT_PREFIX_PATH} CMAKE_PREFIX_PATH=/home/akash/turtlebot3_ws/install/turtlebot3_msgs:/home/akash/turtlebot3_ws/install/dynamixel_sdk:/home/akash/pico_ws/install/whycon:/home/akash/pico_ws/install/swift_pico:/home/akash/pico_ws/install/rotors_swift_interface:/home/akash/pico_ws/install/swift_msgs:/home/akash/pico_ws/install/rotors_swift_gazebo:/home/akash/pico_ws/install/rotors_swift_description:/home/akash/pico_ws/install/rotors_control:/home/akash/pico_ws/install/pid_tune:/home/akash/pico_ws/install/pid_msg:/home/akash/pico_ws/install/mav_comm:/home/akash/pico_ws/install/mav_system_msgs:/home/akash/pico_ws/install/mav_state_machine_msgs:/home/akash/pico_ws/install/mav_planning_msgs:/home/akash/pico_ws/install/mav_msgs:/opt/ros/humble LD_LIBRARY_PATH=/home/akash/turtlebot3_ws/install/turtlebot3_msgs/lib:/home/akash/turtlebot3_ws/install/dynamixel_sdk/lib:${LD_LIBRARY_PATH} PYTHONPATH=/home/akash/turtlebot3_ws/install/turtlebot3_msgs/local/lib/python3.10/dist-packages:${PYTHONPATH} /usr/bin/cmake --build /home/akash/turtlebot3_ws/build/turtlebot3_node -- -j12 -l12
[24.634s] Invoking command in '/home/akash/turtlebot3_ws/build/turtlebot3_node': AMENT_PREFIX_PATH=/home/akash/turtlebot3_ws/install/turtlebot3_msgs:/home/akash/turtlebot3_ws/install/dynamixel_sdk:${AMENT_PREFIX_PATH} CMAKE_PREFIX_PATH=/home/akash/turtlebot3_ws/install/turtlebot3_msgs:/home/akash/turtlebot3_ws/install/dynamixel_sdk:/home/akash/pico_ws/install/whycon:/home/akash/pico_ws/install/swift_pico:/home/akash/pico_ws/install/rotors_swift_interface:/home/akash/pico_ws/install/swift_msgs:/home/akash/pico_ws/install/rotors_swift_gazebo:/home/akash/pico_ws/install/rotors_swift_description:/home/akash/pico_ws/install/rotors_control:/home/akash/pico_ws/install/pid_tune:/home/akash/pico_ws/install/pid_msg:/home/akash/pico_ws/install/mav_comm:/home/akash/pico_ws/install/mav_system_msgs:/home/akash/pico_ws/install/mav_state_machine_msgs:/home/akash/pico_ws/install/mav_planning_msgs:/home/akash/pico_ws/install/mav_msgs:/opt/ros/humble LD_LIBRARY_PATH=/home/akash/turtlebot3_ws/install/turtlebot3_msgs/lib:/home/akash/turtlebot3_ws/install/dynamixel_sdk/lib:${LD_LIBRARY_PATH} PYTHONPATH=/home/akash/turtlebot3_ws/install/turtlebot3_msgs/local/lib/python3.10/dist-packages:${PYTHONPATH} /usr/bin/cmake --install /home/akash/turtlebot3_ws/build/turtlebot3_node
[24.646s] -- Install configuration: ""
[24.647s] -- Execute custom install script
[24.647s] -- Symlinking: /home/akash/turtlebot3_ws/install/turtlebot3_node/share/turtlebot3_node/param/burger.yaml
[24.657s] -- Symlinking: /home/akash/turtlebot3_ws/install/turtlebot3_node/share/turtlebot3_node/param/waffle.yaml
[24.671s] -- Symlinking: /home/akash/turtlebot3_ws/install/turtlebot3_node/share/turtlebot3_node/param/waffle_pi.yaml
[24.681s] -- Symlinking: /home/akash/turtlebot3_ws/install/turtlebot3_node/lib/turtlebot3_node/turtlebot3_ros
[24.691s] -- Symlinking: /home/akash/turtlebot3_ws/install/turtlebot3_node/share/ament_index/resource_index/package_run_dependencies/turtlebot3_node
[24.700s] -- Symlinking: /home/akash/turtlebot3_ws/install/turtlebot3_node/share/ament_index/resource_index/parent_prefix_path/turtlebot3_node
[24.708s] -- Symlinking: /home/akash/turtlebot3_ws/install/turtlebot3_node/share/turtlebot3_node/environment/ament_prefix_path.sh
[24.716s] -- Symlinking: /home/akash/turtlebot3_ws/install/turtlebot3_node/share/turtlebot3_node/environment/ament_prefix_path.dsv
[24.724s] -- Symlinking: /home/akash/turtlebot3_ws/install/turtlebot3_node/share/turtlebot3_node/environment/path.sh
[24.731s] -- Symlinking: /home/akash/turtlebot3_ws/install/turtlebot3_node/share/turtlebot3_node/environment/path.dsv
[24.740s] -- Symlinking: /home/akash/turtlebot3_ws/install/turtlebot3_node/share/turtlebot3_node/local_setup.bash
[24.748s] -- Symlinking: /home/akash/turtlebot3_ws/install/turtlebot3_node/share/turtlebot3_node/local_setup.sh
[24.755s] -- Symlinking: /home/akash/turtlebot3_ws/install/turtlebot3_node/share/turtlebot3_node/local_setup.zsh
[24.765s] -- Symlinking: /home/akash/turtlebot3_ws/install/turtlebot3_node/share/turtlebot3_node/local_setup.dsv
[24.775s] -- Symlinking: /home/akash/turtlebot3_ws/install/turtlebot3_node/share/turtlebot3_node/package.dsv
[24.783s] -- Symlinking: /home/akash/turtlebot3_ws/install/turtlebot3_node/share/ament_index/resource_index/packages/turtlebot3_node
[24.792s] -- Symlinking: /home/akash/turtlebot3_ws/install/turtlebot3_node/share/turtlebot3_node/cmake/ament_cmake_export_include_directories-extras.cmake
[24.799s] -- Symlinking: /home/akash/turtlebot3_ws/install/turtlebot3_node/share/turtlebot3_node/cmake/turtlebot3_nodeConfig.cmake
[24.808s] -- Symlinking: /home/akash/turtlebot3_ws/install/turtlebot3_node/share/turtlebot3_node/cmake/turtlebot3_nodeConfig-version.cmake
[24.816s] -- Symlinking: /home/akash/turtlebot3_ws/install/turtlebot3_node/share/turtlebot3_node/package.xml
[24.827s] Invoked command in '/home/akash/turtlebot3_ws/build/turtlebot3_node' returned '0': AMENT_PREFIX_PATH=/home/akash/turtlebot3_ws/install/turtlebot3_msgs:/home/akash/turtlebot3_ws/install/dynamixel_sdk:${AMENT_PREFIX_PATH} CMAKE_PREFIX_PATH=/home/akash/turtlebot3_ws/install/turtlebot3_msgs:/home/akash/turtlebot3_ws/install/dynamixel_sdk:/home/akash/pico_ws/install/whycon:/home/akash/pico_ws/install/swift_pico:/home/akash/pico_ws/install/rotors_swift_interface:/home/akash/pico_ws/install/swift_msgs:/home/akash/pico_ws/install/rotors_swift_gazebo:/home/akash/pico_ws/install/rotors_swift_description:/home/akash/pico_ws/install/rotors_control:/home/akash/pico_ws/install/pid_tune:/home/akash/pico_ws/install/pid_msg:/home/akash/pico_ws/install/mav_comm:/home/akash/pico_ws/install/mav_system_msgs:/home/akash/pico_ws/install/mav_state_machine_msgs:/home/akash/pico_ws/install/mav_planning_msgs:/home/akash/pico_ws/install/mav_msgs:/opt/ros/humble LD_LIBRARY_PATH=/home/akash/turtlebot3_ws/install/turtlebot3_msgs/lib:/home/akash/turtlebot3_ws/install/dynamixel_sdk/lib:${LD_LIBRARY_PATH} PYTHONPATH=/home/akash/turtlebot3_ws/install/turtlebot3_msgs/local/lib/python3.10/dist-packages:${PYTHONPATH} /usr/bin/cmake --install /home/akash/turtlebot3_ws/build/turtlebot3_node
