[1.042s] Invoking command in '/home/akash/turtlebot3_ws/build/turtlebot3_example': CMAKE_PREFIX_PATH=/home/akash/turtlebot3_ws/install/turtlebot3_msgs:/home/akash/turtlebot3_ws/install/turtlebot3:/home/akash/turtlebot3_ws/install/turtlebot3_bringup:/home/akash/turtlebot3_ws/install/turtlebot3_node:/home/akash/turtlebot3_ws/install/turtlebot3_navigation2:/home/akash/turtlebot3_ws/install/turtlebot3_description:/home/akash/turtlebot3_ws/install/turtlebot3_cartographer:/home/akash/turtlebot3_ws/install/dynamixel_sdk_examples:/home/akash/turtlebot3_ws/install/dynamixel_sdk_custom_interfaces:/home/akash/turtlebot3_ws/install/dynamixel_sdk:/home/akash/pico_ws/install/whycon:/home/akash/pico_ws/install/swift_pico:/home/akash/pico_ws/install/rotors_swift_interface:/home/akash/pico_ws/install/swift_msgs:/home/akash/pico_ws/install/rotors_swift_gazebo:/home/akash/pico_ws/install/rotors_swift_description:/home/akash/pico_ws/install/rotors_control:/home/akash/pico_ws/install/pid_tune:/home/akash/pico_ws/install/pid_msg:/home/akash/pico_ws/install/mav_comm:/home/akash/pico_ws/install/mav_system_msgs:/home/akash/pico_ws/install/mav_state_machine_msgs:/home/akash/pico_ws/install/mav_planning_msgs:/home/akash/pico_ws/install/mav_msgs PYTHONPATH=/home/akash/turtlebot3_ws/build/turtlebot3_example/prefix_override:/usr/lib/python3/dist-packages/colcon_core/task/python/colcon_distutils_commands:/home/akash/turtlebot3_ws/install/turtlebot3_example/lib/python3.10/site-packages:${PYTHONPATH} /usr/bin/python3 -W ignore:setup.py install is deprecated setup.py develop --editable --build-directory /home/akash/turtlebot3_ws/build/turtlebot3_example/build --no-deps symlink_data --force
[1.536s] running develop
[1.536s] /usr/lib/python3/dist-packages/setuptools/command/easy_install.py:158: EasyInstallDeprecationWarning: easy_install command is deprecated. Use build and pip and other standards-based tools.
[1.536s]   warnings.warn(
[1.620s] /usr/lib/python3/dist-packages/pkg_resources/__init__.py:116: PkgResourcesDeprecationWarning: 1.12.1-git20200711.33e2d80-dfsg1-0.6 is an invalid version and will not be supported in a future release
[1.620s]   warnings.warn(
[1.769s] running egg_info
[1.769s] writing turtlebot3_example.egg-info/PKG-INFO
[1.769s] writing dependency_links to turtlebot3_example.egg-info/dependency_links.txt
[1.769s] writing entry points to turtlebot3_example.egg-info/entry_points.txt
[1.770s] writing requirements to turtlebot3_example.egg-info/requires.txt
[1.770s] writing top-level names to turtlebot3_example.egg-info/top_level.txt
[1.773s] reading manifest file 'turtlebot3_example.egg-info/SOURCES.txt'
[1.774s] writing manifest file 'turtlebot3_example.egg-info/SOURCES.txt'
[1.835s] running build_ext
[1.836s] Creating /home/akash/turtlebot3_ws/install/turtlebot3_example/lib/python3.10/site-packages/turtlebot3-example.egg-link (link to .)
[1.837s] Installing turtlebot3_obstacle_detection script to /home/akash/turtlebot3_ws/install/turtlebot3_example/lib/turtlebot3_example
[1.837s] Installing turtlebot3_patrol_client script to /home/akash/turtlebot3_ws/install/turtlebot3_example/lib/turtlebot3_example
[1.837s] Installing turtlebot3_patrol_server script to /home/akash/turtlebot3_ws/install/turtlebot3_example/lib/turtlebot3_example
[1.837s] Installing turtlebot3_position_control script to /home/akash/turtlebot3_ws/install/turtlebot3_example/lib/turtlebot3_example
[1.837s] 
[1.837s] Installed /home/akash/turtlebot3_ws/build/turtlebot3_example
[1.837s] running symlink_data
[1.838s] symbolically linking /home/akash/turtlebot3_ws/build/turtlebot3_example/resource/turtlebot3_example -> /home/akash/turtlebot3_ws/install/turtlebot3_example/share/ament_index/resource_index/packages
[1.838s] symbolically linking /home/akash/turtlebot3_ws/build/turtlebot3_example/package.xml -> /home/akash/turtlebot3_ws/install/turtlebot3_example/share/turtlebot3_example
[1.888s] Invoked command in '/home/akash/turtlebot3_ws/build/turtlebot3_example' returned '0': CMAKE_PREFIX_PATH=/home/akash/turtlebot3_ws/install/turtlebot3_msgs:/home/akash/turtlebot3_ws/install/turtlebot3:/home/akash/turtlebot3_ws/install/turtlebot3_bringup:/home/akash/turtlebot3_ws/install/turtlebot3_node:/home/akash/turtlebot3_ws/install/turtlebot3_navigation2:/home/akash/turtlebot3_ws/install/turtlebot3_description:/home/akash/turtlebot3_ws/install/turtlebot3_cartographer:/home/akash/turtlebot3_ws/install/dynamixel_sdk_examples:/home/akash/turtlebot3_ws/install/dynamixel_sdk_custom_interfaces:/home/akash/turtlebot3_ws/install/dynamixel_sdk:/home/akash/pico_ws/install/whycon:/home/akash/pico_ws/install/swift_pico:/home/akash/pico_ws/install/rotors_swift_interface:/home/akash/pico_ws/install/swift_msgs:/home/akash/pico_ws/install/rotors_swift_gazebo:/home/akash/pico_ws/install/rotors_swift_description:/home/akash/pico_ws/install/rotors_control:/home/akash/pico_ws/install/pid_tune:/home/akash/pico_ws/install/pid_msg:/home/akash/pico_ws/install/mav_comm:/home/akash/pico_ws/install/mav_system_msgs:/home/akash/pico_ws/install/mav_state_machine_msgs:/home/akash/pico_ws/install/mav_planning_msgs:/home/akash/pico_ws/install/mav_msgs PYTHONPATH=/home/akash/turtlebot3_ws/build/turtlebot3_example/prefix_override:/usr/lib/python3/dist-packages/colcon_core/task/python/colcon_distutils_commands:/home/akash/turtlebot3_ws/install/turtlebot3_example/lib/python3.10/site-packages:${PYTHONPATH} /usr/bin/python3 -W ignore:setup.py install is deprecated setup.py develop --editable --build-directory /home/akash/turtlebot3_ws/build/turtlebot3_example/build --no-deps symlink_data --force
