running egg_info
creating ../../build/turtlebot_manipulator_control/turtlebot_manipulator_control.egg-info
writing ../../build/turtlebot_manipulator_control/turtlebot_manipulator_control.egg-info/PKG-INFO
writing dependency_links to ../../build/turtlebot_manipulator_control/turtlebot_manipulator_control.egg-info/dependency_links.txt
writing entry points to ../../build/turtlebot_manipulator_control/turtlebot_manipulator_control.egg-info/entry_points.txt
writing requirements to ../../build/turtlebot_manipulator_control/turtlebot_manipulator_control.egg-info/requires.txt
writing top-level names to ../../build/turtlebot_manipulator_control/turtlebot_manipulator_control.egg-info/top_level.txt
writing manifest file '../../build/turtlebot_manipulator_control/turtlebot_manipulator_control.egg-info/SOURCES.txt'
reading manifest file '../../build/turtlebot_manipulator_control/turtlebot_manipulator_control.egg-info/SOURCES.txt'
writing manifest file '../../build/turtlebot_manipulator_control/turtlebot_manipulator_control.egg-info/SOURCES.txt'
running build
running build_py
creating /home/akash/turtlebot3_ws/build/turtlebot_manipulator_control/build
creating /home/akash/turtlebot3_ws/build/turtlebot_manipulator_control/build/lib
creating /home/akash/turtlebot3_ws/build/turtlebot_manipulator_control/build/lib/turtlebot_manipulator_control
copying turtlebot_manipulator_control/__init__.py -> /home/akash/turtlebot3_ws/build/turtlebot_manipulator_control/build/lib/turtlebot_manipulator_control
copying turtlebot_manipulator_control/circular_motion.py -> /home/akash/turtlebot3_ws/build/turtlebot_manipulator_control/build/lib/turtlebot_manipulator_control
running install
running install_lib
creating /home/akash/turtlebot3_ws/install/turtlebot_manipulator_control/lib/python3.10/site-packages/turtlebot_manipulator_control
copying /home/akash/turtlebot3_ws/build/turtlebot_manipulator_control/build/lib/turtlebot_manipulator_control/__init__.py -> /home/akash/turtlebot3_ws/install/turtlebot_manipulator_control/lib/python3.10/site-packages/turtlebot_manipulator_control
copying /home/akash/turtlebot3_ws/build/turtlebot_manipulator_control/build/lib/turtlebot_manipulator_control/circular_motion.py -> /home/akash/turtlebot3_ws/install/turtlebot_manipulator_control/lib/python3.10/site-packages/turtlebot_manipulator_control
byte-compiling /home/akash/turtlebot3_ws/install/turtlebot_manipulator_control/lib/python3.10/site-packages/turtlebot_manipulator_control/__init__.py to __init__.cpython-310.pyc
byte-compiling /home/akash/turtlebot3_ws/install/turtlebot_manipulator_control/lib/python3.10/site-packages/turtlebot_manipulator_control/circular_motion.py to circular_motion.cpython-310.pyc
running install_data
creating /home/akash/turtlebot3_ws/install/turtlebot_manipulator_control/share/ament_index
creating /home/akash/turtlebot3_ws/install/turtlebot_manipulator_control/share/ament_index/resource_index
creating /home/akash/turtlebot3_ws/install/turtlebot_manipulator_control/share/ament_index/resource_index/packages
copying resource/turtlebot_manipulator_control -> /home/akash/turtlebot3_ws/install/turtlebot_manipulator_control/share/ament_index/resource_index/packages
copying package.xml -> /home/akash/turtlebot3_ws/install/turtlebot_manipulator_control/share/turtlebot_manipulator_control
running install_egg_info
Copying ../../build/turtlebot_manipulator_control/turtlebot_manipulator_control.egg-info to /home/akash/turtlebot3_ws/install/turtlebot_manipulator_control/lib/python3.10/site-packages/turtlebot_manipulator_control-0.0.0-py3.10.egg-info
running install_scripts
Installing circular_motion script to /home/akash/turtlebot3_ws/install/turtlebot_manipulator_control/lib/turtlebot_manipulator_control
writing list of installed files to '/home/akash/turtlebot3_ws/build/turtlebot_manipulator_control/install.log'
