[1.381s] Invoking command in '/home/akash/turtlebot3_ws/src/turtlebot_manipulator_control': PYTHONPATH=/home/akash/turtlebot3_ws/build/turtlebot_manipulator_control/prefix_override:/usr/lib/python3/dist-packages/colcon_core/task/python/colcon_distutils_commands:/home/akash/turtlebot3_ws/install/turtlebot_manipulator_control/lib/python3.10/site-packages:${PYTHONPATH} /usr/bin/python3 -W ignore:setup.py install is deprecated setup.py egg_info --egg-base ../../build/turtlebot_manipulator_control build --build-base /home/akash/turtlebot3_ws/build/turtlebot_manipulator_control/build install --record /home/akash/turtlebot3_ws/build/turtlebot_manipulator_control/install.log --single-version-externally-managed install_data
[1.563s] running egg_info
[1.565s] creating ../../build/turtlebot_manipulator_control/turtlebot_manipulator_control.egg-info
[1.565s] writing ../../build/turtlebot_manipulator_control/turtlebot_manipulator_control.egg-info/PKG-INFO
[1.565s] writing dependency_links to ../../build/turtlebot_manipulator_control/turtlebot_manipulator_control.egg-info/dependency_links.txt
[1.565s] writing entry points to ../../build/turtlebot_manipulator_control/turtlebot_manipulator_control.egg-info/entry_points.txt
[1.565s] writing requirements to ../../build/turtlebot_manipulator_control/turtlebot_manipulator_control.egg-info/requires.txt
[1.565s] writing top-level names to ../../build/turtlebot_manipulator_control/turtlebot_manipulator_control.egg-info/top_level.txt
[1.565s] writing manifest file '../../build/turtlebot_manipulator_control/turtlebot_manipulator_control.egg-info/SOURCES.txt'
[1.566s] reading manifest file '../../build/turtlebot_manipulator_control/turtlebot_manipulator_control.egg-info/SOURCES.txt'
[1.567s] writing manifest file '../../build/turtlebot_manipulator_control/turtlebot_manipulator_control.egg-info/SOURCES.txt'
[1.567s] running build
[1.567s] running build_py
[1.567s] creating /home/akash/turtlebot3_ws/build/turtlebot_manipulator_control/build
[1.567s] creating /home/akash/turtlebot3_ws/build/turtlebot_manipulator_control/build/lib
[1.567s] creating /home/akash/turtlebot3_ws/build/turtlebot_manipulator_control/build/lib/turtlebot_manipulator_control
[1.568s] copying turtlebot_manipulator_control/__init__.py -> /home/akash/turtlebot3_ws/build/turtlebot_manipulator_control/build/lib/turtlebot_manipulator_control
[1.568s] copying turtlebot_manipulator_control/circular_motion.py -> /home/akash/turtlebot3_ws/build/turtlebot_manipulator_control/build/lib/turtlebot_manipulator_control
[1.568s] running install
[1.568s] running install_lib
[1.569s] creating /home/akash/turtlebot3_ws/install/turtlebot_manipulator_control/lib/python3.10/site-packages/turtlebot_manipulator_control
[1.569s] copying /home/akash/turtlebot3_ws/build/turtlebot_manipulator_control/build/lib/turtlebot_manipulator_control/__init__.py -> /home/akash/turtlebot3_ws/install/turtlebot_manipulator_control/lib/python3.10/site-packages/turtlebot_manipulator_control
[1.569s] copying /home/akash/turtlebot3_ws/build/turtlebot_manipulator_control/build/lib/turtlebot_manipulator_control/circular_motion.py -> /home/akash/turtlebot3_ws/install/turtlebot_manipulator_control/lib/python3.10/site-packages/turtlebot_manipulator_control
[1.569s] byte-compiling /home/akash/turtlebot3_ws/install/turtlebot_manipulator_control/lib/python3.10/site-packages/turtlebot_manipulator_control/__init__.py to __init__.cpython-310.pyc
[1.569s] byte-compiling /home/akash/turtlebot3_ws/install/turtlebot_manipulator_control/lib/python3.10/site-packages/turtlebot_manipulator_control/circular_motion.py to circular_motion.cpython-310.pyc
[1.570s] running install_data
[1.570s] creating /home/akash/turtlebot3_ws/install/turtlebot_manipulator_control/share/ament_index
[1.570s] creating /home/akash/turtlebot3_ws/install/turtlebot_manipulator_control/share/ament_index/resource_index
[1.570s] creating /home/akash/turtlebot3_ws/install/turtlebot_manipulator_control/share/ament_index/resource_index/packages
[1.570s] copying resource/turtlebot_manipulator_control -> /home/akash/turtlebot3_ws/install/turtlebot_manipulator_control/share/ament_index/resource_index/packages
[1.570s] copying package.xml -> /home/akash/turtlebot3_ws/install/turtlebot_manipulator_control/share/turtlebot_manipulator_control
[1.570s] running install_egg_info
[1.572s] Copying ../../build/turtlebot_manipulator_control/turtlebot_manipulator_control.egg-info to /home/akash/turtlebot3_ws/install/turtlebot_manipulator_control/lib/python3.10/site-packages/turtlebot_manipulator_control-0.0.0-py3.10.egg-info
[1.572s] running install_scripts
[1.588s] Installing circular_motion script to /home/akash/turtlebot3_ws/install/turtlebot_manipulator_control/lib/turtlebot_manipulator_control
[1.589s] writing list of installed files to '/home/akash/turtlebot3_ws/build/turtlebot_manipulator_control/install.log'
[1.611s] Invoked command in '/home/akash/turtlebot3_ws/src/turtlebot_manipulator_control' returned '0': PYTHONPATH=/home/akash/turtlebot3_ws/build/turtlebot_manipulator_control/prefix_override:/usr/lib/python3/dist-packages/colcon_core/task/python/colcon_distutils_commands:/home/akash/turtlebot3_ws/install/turtlebot_manipulator_control/lib/python3.10/site-packages:${PYTHONPATH} /usr/bin/python3 -W ignore:setup.py install is deprecated setup.py egg_info --egg-base ../../build/turtlebot_manipulator_control build --build-base /home/akash/turtlebot3_ws/build/turtlebot_manipulator_control/build install --record /home/akash/turtlebot3_ws/build/turtlebot_manipulator_control/install.log --single-version-externally-managed install_data
