[1.335s] Invoking command in '/home/akash/turtlebot3_ws/build/turtlebot3_teleop': PYTHONPATH=/home/akash/turtlebot3_ws/build/turtlebot3_teleop/prefix_override:/usr/lib/python3/dist-packages/colcon_core/task/python/colcon_distutils_commands:/home/akash/turtlebot3_ws/install/turtlebot3_teleop/lib/python3.10/site-packages:${PYTHONPATH} /usr/bin/python3 -W ignore:setup.py install is deprecated setup.py develop --editable --build-directory /home/akash/turtlebot3_ws/build/turtlebot3_teleop/build --no-deps symlink_data
[1.927s] running develop
[1.928s] /usr/lib/python3/dist-packages/setuptools/command/easy_install.py:158: EasyInstallDeprecationWarning: easy_install command is deprecated. Use build and pip and other standards-based tools.
[1.928s]   warnings.warn(
[2.073s] /usr/lib/python3/dist-packages/pkg_resources/__init__.py:116: PkgResourcesDeprecationWarning: 1.12.1-git20200711.33e2d80-dfsg1-0.6 is an invalid version and will not be supported in a future release
[2.074s]   warnings.warn(
[2.222s] running egg_info
[2.222s] creating turtlebot3_teleop.egg-info
[2.222s] writing turtlebot3_teleop.egg-info/PKG-INFO
[2.222s] writing dependency_links to turtlebot3_teleop.egg-info/dependency_links.txt
[2.223s] writing entry points to turtlebot3_teleop.egg-info/entry_points.txt
[2.223s] writing requirements to turtlebot3_teleop.egg-info/requires.txt
[2.223s] writing top-level names to turtlebot3_teleop.egg-info/top_level.txt
[2.223s] writing manifest file 'turtlebot3_teleop.egg-info/SOURCES.txt'
[2.225s] reading manifest file 'turtlebot3_teleop.egg-info/SOURCES.txt'
[2.226s] writing manifest file 'turtlebot3_teleop.egg-info/SOURCES.txt'
[2.279s] running build_ext
[2.279s] Creating /home/akash/turtlebot3_ws/install/turtlebot3_teleop/lib/python3.10/site-packages/turtlebot3-teleop.egg-link (link to .)
[2.280s] Installing teleop_keyboard script to /home/akash/turtlebot3_ws/install/turtlebot3_teleop/lib/turtlebot3_teleop
[2.280s] 
[2.280s] Installed /home/akash/turtlebot3_ws/build/turtlebot3_teleop
[2.280s] running symlink_data
[2.280s] creating /home/akash/turtlebot3_ws/install/turtlebot3_teleop/share/ament_index
[2.280s] creating /home/akash/turtlebot3_ws/install/turtlebot3_teleop/share/ament_index/resource_index
[2.281s] creating /home/akash/turtlebot3_ws/install/turtlebot3_teleop/share/ament_index/resource_index/packages
[2.281s] symbolically linking /home/akash/turtlebot3_ws/build/turtlebot3_teleop/resource/turtlebot3_teleop -> /home/akash/turtlebot3_ws/install/turtlebot3_teleop/share/ament_index/resource_index/packages
[2.281s] symbolically linking /home/akash/turtlebot3_ws/build/turtlebot3_teleop/package.xml -> /home/akash/turtlebot3_ws/install/turtlebot3_teleop/share/turtlebot3_teleop
[2.321s] Invoked command in '/home/akash/turtlebot3_ws/build/turtlebot3_teleop' returned '0': PYTHONPATH=/home/akash/turtlebot3_ws/build/turtlebot3_teleop/prefix_override:/usr/lib/python3/dist-packages/colcon_core/task/python/colcon_distutils_commands:/home/akash/turtlebot3_ws/install/turtlebot3_teleop/lib/python3.10/site-packages:${PYTHONPATH} /usr/bin/python3 -W ignore:setup.py install is deprecated setup.py develop --editable --build-directory /home/akash/turtlebot3_ws/build/turtlebot3_teleop/build --no-deps symlink_data
