[0.065s] Invoking command in '/home/akash/turtlebot3_ws/build/turtlebot3_manipulation_cartographer': CMAKE_PREFIX_PATH=${CMAKE_PREFIX_PATH}:/home/akash/turtlebot3_ws/install/turtlebot3_teleop:/home/akash/turtlebot3_ws/install/turtlebot3_example:/opt/ros/humble /usr/bin/cmake /home/akash/turtlebot3_ws/src/turtlebot3_manipulation/turtlebot3_manipulation_cartographer -DCMAKE_INSTALL_PREFIX=/home/akash/turtlebot3_ws/install/turtlebot3_manipulation_cartographer
[0.659s] -- Found ament_cmake: 1.3.10 (/opt/ros/humble/share/ament_cmake/cmake)
[0.660s] -- Override CMake install command with custom implementation using symlinks instead of copying resources
[0.660s] -- Configuring done
[0.660s] -- Generating done
[0.660s] -- Build files have been written to: /home/akash/turtlebot3_ws/build/turtlebot3_manipulation_cartographer
[1.024s] Invoked command in '/home/akash/turtlebot3_ws/build/turtlebot3_manipulation_cartographer' returned '0': CMAKE_PREFIX_PATH=${CMAKE_PREFIX_PATH}:/home/akash/turtlebot3_ws/install/turtlebot3_teleop:/home/akash/turtlebot3_ws/install/turtlebot3_example:/opt/ros/humble /usr/bin/cmake /home/akash/turtlebot3_ws/src/turtlebot3_manipulation/turtlebot3_manipulation_cartographer -DCMAKE_INSTALL_PREFIX=/home/akash/turtlebot3_ws/install/turtlebot3_manipulation_cartographer
[1.027s] Invoking command in '/home/akash/turtlebot3_ws/build/turtlebot3_manipulation_cartographer': CMAKE_PREFIX_PATH=${CMAKE_PREFIX_PATH}:/home/akash/turtlebot3_ws/install/turtlebot3_teleop:/home/akash/turtlebot3_ws/install/turtlebot3_example:/opt/ros/humble /usr/bin/cmake --build /home/akash/turtlebot3_ws/build/turtlebot3_manipulation_cartographer -- -j12 -l12
[1.118s] Invoked command in '/home/akash/turtlebot3_ws/build/turtlebot3_manipulation_cartographer' returned '0': CMAKE_PREFIX_PATH=${CMAKE_PREFIX_PATH}:/home/akash/turtlebot3_ws/install/turtlebot3_teleop:/home/akash/turtlebot3_ws/install/turtlebot3_example:/opt/ros/humble /usr/bin/cmake --build /home/akash/turtlebot3_ws/build/turtlebot3_manipulation_cartographer -- -j12 -l12
[1.188s] Invoking command in '/home/akash/turtlebot3_ws/build/turtlebot3_manipulation_cartographer': CMAKE_PREFIX_PATH=${CMAKE_PREFIX_PATH}:/home/akash/turtlebot3_ws/install/turtlebot3_teleop:/home/akash/turtlebot3_ws/install/turtlebot3_example:/opt/ros/humble /usr/bin/cmake --install /home/akash/turtlebot3_ws/build/turtlebot3_manipulation_cartographer
[1.244s] -- Install configuration: ""
[1.244s] -- Execute custom install script
[1.244s] -- Up-to-date symlink: /home/akash/turtlebot3_ws/install/turtlebot3_manipulation_cartographer/share/turtlebot3_manipulation_cartographer/config/turtlebot3_2d.lua
[1.244s] -- Up-to-date symlink: /home/akash/turtlebot3_ws/install/turtlebot3_manipulation_cartographer/share/turtlebot3_manipulation_cartographer/launch/cartographer.launch.py
[1.244s] -- Up-to-date symlink: /home/akash/turtlebot3_ws/install/turtlebot3_manipulation_cartographer/share/turtlebot3_manipulation_cartographer/rviz/cartographer.rviz
[1.244s] -- Up-to-date symlink: /home/akash/turtlebot3_ws/install/turtlebot3_manipulation_cartographer/share/ament_index/resource_index/package_run_dependencies/turtlebot3_manipulation_cartographer
[1.244s] -- Up-to-date symlink: /home/akash/turtlebot3_ws/install/turtlebot3_manipulation_cartographer/share/ament_index/resource_index/parent_prefix_path/turtlebot3_manipulation_cartographer
[1.244s] -- Up-to-date symlink: /home/akash/turtlebot3_ws/install/turtlebot3_manipulation_cartographer/share/turtlebot3_manipulation_cartographer/environment/ament_prefix_path.sh
[1.244s] -- Up-to-date symlink: /home/akash/turtlebot3_ws/install/turtlebot3_manipulation_cartographer/share/turtlebot3_manipulation_cartographer/environment/ament_prefix_path.dsv
[1.245s] -- Up-to-date symlink: /home/akash/turtlebot3_ws/install/turtlebot3_manipulation_cartographer/share/turtlebot3_manipulation_cartographer/environment/path.sh
[1.245s] -- Up-to-date symlink: /home/akash/turtlebot3_ws/install/turtlebot3_manipulation_cartographer/share/turtlebot3_manipulation_cartographer/environment/path.dsv
[1.245s] -- Up-to-date symlink: /home/akash/turtlebot3_ws/install/turtlebot3_manipulation_cartographer/share/turtlebot3_manipulation_cartographer/local_setup.bash
[1.245s] -- Up-to-date symlink: /home/akash/turtlebot3_ws/install/turtlebot3_manipulation_cartographer/share/turtlebot3_manipulation_cartographer/local_setup.sh
[1.245s] -- Up-to-date symlink: /home/akash/turtlebot3_ws/install/turtlebot3_manipulation_cartographer/share/turtlebot3_manipulation_cartographer/local_setup.zsh
[1.245s] -- Up-to-date symlink: /home/akash/turtlebot3_ws/install/turtlebot3_manipulation_cartographer/share/turtlebot3_manipulation_cartographer/local_setup.dsv
[1.245s] -- Symlinking: /home/akash/turtlebot3_ws/install/turtlebot3_manipulation_cartographer/share/turtlebot3_manipulation_cartographer/package.dsv
[1.245s] -- Up-to-date symlink: /home/akash/turtlebot3_ws/install/turtlebot3_manipulation_cartographer/share/ament_index/resource_index/packages/turtlebot3_manipulation_cartographer
[1.245s] -- Up-to-date symlink: /home/akash/turtlebot3_ws/install/turtlebot3_manipulation_cartographer/share/turtlebot3_manipulation_cartographer/cmake/turtlebot3_manipulation_cartographerConfig.cmake
[1.246s] -- Up-to-date symlink: /home/akash/turtlebot3_ws/install/turtlebot3_manipulation_cartographer/share/turtlebot3_manipulation_cartographer/cmake/turtlebot3_manipulation_cartographerConfig-version.cmake
[1.246s] -- Up-to-date symlink: /home/akash/turtlebot3_ws/install/turtlebot3_manipulation_cartographer/share/turtlebot3_manipulation_cartographer/package.xml
[1.255s] Invoked command in '/home/akash/turtlebot3_ws/build/turtlebot3_manipulation_cartographer' returned '0': CMAKE_PREFIX_PATH=${CMAKE_PREFIX_PATH}:/home/akash/turtlebot3_ws/install/turtlebot3_teleop:/home/akash/turtlebot3_ws/install/turtlebot3_example:/opt/ros/humble /usr/bin/cmake --install /home/akash/turtlebot3_ws/build/turtlebot3_manipulation_cartographer
