[1.374s] Invoking command in '/home/akash/turtlebot3_ws/build/turtlebot3_teleop': PYTHONPATH=/home/akash/turtlebot3_ws/build/turtlebot3_teleop/prefix_override:/usr/lib/python3/dist-packages/colcon_core/task/python/colcon_distutils_commands:/home/akash/turtlebot3_ws/install/turtlebot3_teleop/lib/python3.10/site-packages:${PYTHONPATH} /usr/bin/python3 -W ignore:setup.py install is deprecated setup.py develop --editable --build-directory /home/akash/turtlebot3_ws/build/turtlebot3_teleop/build --no-deps symlink_data
[1.811s] running develop
[1.811s] /usr/lib/python3/dist-packages/setuptools/command/easy_install.py:158: EasyInstallDeprecationWarning: easy_install command is deprecated. Use build and pip and other standards-based tools.
[1.811s]   warnings.warn(
[1.901s] /usr/lib/python3/dist-packages/pkg_resources/__init__.py:116: PkgResourcesDeprecationWarning: 1.12.1-git20200711.33e2d80-dfsg1-0.6 is an invalid version and will not be supported in a future release
[1.901s]   warnings.warn(
[2.064s] running egg_info
[2.064s] writing turtlebot3_teleop.egg-info/PKG-INFO
[2.064s] writing dependency_links to turtlebot3_teleop.egg-info/dependency_links.txt
[2.065s] writing entry points to turtlebot3_teleop.egg-info/entry_points.txt
[2.065s] writing requirements to turtlebot3_teleop.egg-info/requires.txt
[2.065s] writing top-level names to turtlebot3_teleop.egg-info/top_level.txt
[2.069s] reading manifest file 'turtlebot3_teleop.egg-info/SOURCES.txt'
[2.071s] writing manifest file 'turtlebot3_teleop.egg-info/SOURCES.txt'
[2.134s] running build_ext
[2.135s] Creating /home/akash/turtlebot3_ws/install/turtlebot3_teleop/lib/python3.10/site-packages/turtlebot3-teleop.egg-link (link to .)
[2.135s] Installing teleop_keyboard script to /home/akash/turtlebot3_ws/install/turtlebot3_teleop/lib/turtlebot3_teleop
[2.136s] 
[2.136s] Installed /home/akash/turtlebot3_ws/build/turtlebot3_teleop
[2.136s] running symlink_data
[2.229s] Invoked command in '/home/akash/turtlebot3_ws/build/turtlebot3_teleop' returned '0': PYTHONPATH=/home/akash/turtlebot3_ws/build/turtlebot3_teleop/prefix_override:/usr/lib/python3/dist-packages/colcon_core/task/python/colcon_distutils_commands:/home/akash/turtlebot3_ws/install/turtlebot3_teleop/lib/python3.10/site-packages:${PYTHONPATH} /usr/bin/python3 -W ignore:setup.py install is deprecated setup.py develop --editable --build-directory /home/akash/turtlebot3_ws/build/turtlebot3_teleop/build --no-deps symlink_data
